{"C:\\Users\\Yadak Linus\\Desktop\\dataapp\\api\\v1\\transactions\\airtimeController.js": {"path":"C:\\Users\\Yadak Linus\\Desktop\\dataapp\\api\\v1\\transactions\\airtimeController.js","statementMap":{"0":{"start":{"line":1,"column":15},"end":{"line":1,"column":38}},"1":{"start":{"line":2,"column":23},"end":{"line":2,"column":59}},"2":{"start":{"line":3,"column":55},"end":{"line":3,"column":88}},"3":{"start":{"line":4,"column":47},"end":{"line":4,"column":72}},"4":{"start":{"line":5,"column":14},"end":{"line":5,"column":28}},"5":{"start":{"line":6,"column":43},"end":{"line":6,"column":66}},"6":{"start":{"line":7,"column":27},"end":{"line":7,"column":59}},"7":{"start":{"line":8,"column":15},"end":{"line":8,"column":34}},"8":{"start":{"line":15,"column":30},"end":{"line":20,"column":2}},"9":{"start":{"line":22,"column":24},"end":{"line":218,"column":1}},"10":{"start":{"line":23,"column":4},"end":{"line":23,"column":55}},"11":{"start":{"line":24,"column":19},"end":{"line":24,"column":60}},"12":{"start":{"line":25,"column":4},"end":{"line":25,"column":61}},"13":{"start":{"line":26,"column":4},"end":{"line":28,"column":5}},"14":{"start":{"line":27,"column":8},"end":{"line":27,"column":98}},"15":{"start":{"line":30,"column":61},"end":{"line":30,"column":72}},"16":{"start":{"line":32,"column":4},"end":{"line":32,"column":75}},"17":{"start":{"line":33,"column":19},"end":{"line":33,"column":30}},"18":{"start":{"line":35,"column":4},"end":{"line":37,"column":5}},"19":{"start":{"line":36,"column":8},"end":{"line":36,"column":93}},"20":{"start":{"line":40,"column":27},"end":{"line":40,"column":69}},"21":{"start":{"line":48,"column":23},"end":{"line":48,"column":56}},"22":{"start":{"line":50,"column":26},"end":{"line":50,"column":40}},"23":{"start":{"line":51,"column":4},"end":{"line":53,"column":5}},"24":{"start":{"line":52,"column":8},"end":{"line":52,"column":92}},"25":{"start":{"line":55,"column":4},"end":{"line":217,"column":5}},"26":{"start":{"line":56,"column":29},"end":{"line":56,"column":42}},"27":{"start":{"line":59,"column":31},"end":{"line":59,"column":63}},"28":{"start":{"line":61,"column":8},"end":{"line":97,"column":9}},"29":{"start":{"line":63,"column":31},"end":{"line":69,"column":14}},"30":{"start":{"line":70,"column":12},"end":{"line":75,"column":13}},"31":{"start":{"line":71,"column":16},"end":{"line":74,"column":19}},"32":{"start":{"line":78,"column":36},"end":{"line":78,"column":64}},"33":{"start":{"line":79,"column":31},"end":{"line":89,"column":14}},"34":{"start":{"line":91,"column":12},"end":{"line":96,"column":13}},"35":{"start":{"line":92,"column":16},"end":{"line":95,"column":19}},"36":{"start":{"line":100,"column":23},"end":{"line":143,"column":10}},"37":{"start":{"line":102,"column":25},"end":{"line":102,"column":76}},"38":{"start":{"line":103,"column":12},"end":{"line":103,"column":57}},"39":{"start":{"line":103,"column":23},"end":{"line":103,"column":57}},"40":{"start":{"line":104,"column":12},"end":{"line":104,"column":113}},"41":{"start":{"line":104,"column":38},"end":{"line":104,"column":113}},"42":{"start":{"line":106,"column":31},"end":{"line":106,"column":88}},"43":{"start":{"line":107,"column":12},"end":{"line":107,"column":72}},"44":{"start":{"line":107,"column":29},"end":{"line":107,"column":72}},"45":{"start":{"line":109,"column":33},"end":{"line":118,"column":14}},"46":{"start":{"line":120,"column":12},"end":{"line":122,"column":13}},"47":{"start":{"line":121,"column":16},"end":{"line":121,"column":63}},"48":{"start":{"line":124,"column":30},"end":{"line":124,"column":54}},"49":{"start":{"line":125,"column":32},"end":{"line":140,"column":14}},"50":{"start":{"line":142,"column":12},"end":{"line":142,"column":46}},"51":{"start":{"line":146,"column":8},"end":{"line":209,"column":9}},"52":{"start":{"line":147,"column":37},"end":{"line":152,"column":13}},"53":{"start":{"line":154,"column":32},"end":{"line":154,"column":114}},"54":{"start":{"line":156,"column":12},"end":{"line":163,"column":15}},"55":{"start":{"line":165,"column":12},"end":{"line":171,"column":13}},"56":{"start":{"line":166,"column":16},"end":{"line":170,"column":19}},"57":{"start":{"line":173,"column":12},"end":{"line":177,"column":15}},"58":{"start":{"line":181,"column":12},"end":{"line":188,"column":13}},"59":{"start":{"line":182,"column":16},"end":{"line":182,"column":106}},"60":{"start":{"line":183,"column":16},"end":{"line":187,"column":19}},"61":{"start":{"line":191,"column":12},"end":{"line":203,"column":15}},"62":{"start":{"line":205,"column":12},"end":{"line":208,"column":15}},"63":{"start":{"line":212,"column":8},"end":{"line":212,"column":64}},"64":{"start":{"line":213,"column":8},"end":{"line":216,"column":11}},"65":{"start":{"line":223,"column":25},"end":{"line":273,"column":1}},"66":{"start":{"line":224,"column":26},"end":{"line":224,"column":36}},"67":{"start":{"line":225,"column":4},"end":{"line":272,"column":5}},"68":{"start":{"line":226,"column":18},"end":{"line":229,"column":10}},"69":{"start":{"line":231,"column":8},"end":{"line":231,"column":131}},"70":{"start":{"line":231,"column":48},"end":{"line":231,"column":131}},"71":{"start":{"line":233,"column":8},"end":{"line":264,"column":9}},"72":{"start":{"line":234,"column":12},"end":{"line":263,"column":13}},"73":{"start":{"line":235,"column":36},"end":{"line":235,"column":106}},"74":{"start":{"line":235,"column":101},"end":{"line":235,"column":105}},"75":{"start":{"line":238,"column":16},"end":{"line":260,"column":17}},"76":{"start":{"line":239,"column":20},"end":{"line":243,"column":23}},"77":{"start":{"line":245,"column":21},"end":{"line":260,"column":17}},"78":{"start":{"line":246,"column":40},"end":{"line":258,"column":22}},"79":{"start":{"line":259,"column":20},"end":{"line":259,"column":64}},"80":{"start":{"line":262,"column":16},"end":{"line":262,"column":74}},"81":{"start":{"line":266,"column":8},"end":{"line":269,"column":11}},"82":{"start":{"line":271,"column":8},"end":{"line":271,"column":84}},"83":{"start":{"line":275,"column":0},"end":{"line":275,"column":55}}},"fnMap":{"0":{"name":"(anonymous_0)","decl":{"start":{"line":22,"column":24},"end":{"line":22,"column":25}},"loc":{"start":{"line":22,"column":44},"end":{"line":218,"column":1}},"line":22},"1":{"name":"(anonymous_1)","decl":{"start":{"line":100,"column":49},"end":{"line":100,"column":50}},"loc":{"start":{"line":100,"column":63},"end":{"line":143,"column":9}},"line":100},"2":{"name":"(anonymous_2)","decl":{"start":{"line":223,"column":25},"end":{"line":223,"column":26}},"loc":{"start":{"line":223,"column":45},"end":{"line":273,"column":1}},"line":223},"3":{"name":"(anonymous_3)","decl":{"start":{"line":235,"column":95},"end":{"line":235,"column":96}},"loc":{"start":{"line":235,"column":101},"end":{"line":235,"column":105}},"line":235}},"branchMap":{"0":{"loc":{"start":{"line":26,"column":4},"end":{"line":28,"column":5}},"type":"if","locations":[{"start":{"line":26,"column":4},"end":{"line":28,"column":5}},{"start":{},"end":{}}],"line":26},"1":{"loc":{"start":{"line":35,"column":4},"end":{"line":37,"column":5}},"type":"if","locations":[{"start":{"line":35,"column":4},"end":{"line":37,"column":5}},{"start":{},"end":{}}],"line":35},"2":{"loc":{"start":{"line":35,"column":8},"end":{"line":35,"column":43}},"type":"binary-expr","locations":[{"start":{"line":35,"column":8},"end":{"line":35,"column":16}},{"start":{"line":35,"column":20},"end":{"line":35,"column":27}},{"start":{"line":35,"column":31},"end":{"line":35,"column":43}}],"line":35},"3":{"loc":{"start":{"line":51,"column":4},"end":{"line":53,"column":5}},"type":"if","locations":[{"start":{"line":51,"column":4},"end":{"line":53,"column":5}},{"start":{},"end":{}}],"line":51},"4":{"loc":{"start":{"line":61,"column":8},"end":{"line":97,"column":9}},"type":"if","locations":[{"start":{"line":61,"column":8},"end":{"line":97,"column":9}},{"start":{"line":76,"column":15},"end":{"line":97,"column":9}}],"line":61},"5":{"loc":{"start":{"line":70,"column":12},"end":{"line":75,"column":13}},"type":"if","locations":[{"start":{"line":70,"column":12},"end":{"line":75,"column":13}},{"start":{},"end":{}}],"line":70},"6":{"loc":{"start":{"line":91,"column":12},"end":{"line":96,"column":13}},"type":"if","locations":[{"start":{"line":91,"column":12},"end":{"line":96,"column":13}},{"start":{},"end":{}}],"line":91},"7":{"loc":{"start":{"line":91,"column":16},"end":{"line":91,"column":92}},"type":"binary-expr","locations":[{"start":{"line":91,"column":16},"end":{"line":91,"column":26}},{"start":{"line":91,"column":30},"end":{"line":91,"column":49}},{"start":{"line":91,"column":53},"end":{"line":91,"column":92}}],"line":91},"8":{"loc":{"start":{"line":103,"column":12},"end":{"line":103,"column":57}},"type":"if","locations":[{"start":{"line":103,"column":12},"end":{"line":103,"column":57}},{"start":{},"end":{}}],"line":103},"9":{"loc":{"start":{"line":104,"column":12},"end":{"line":104,"column":113}},"type":"if","locations":[{"start":{"line":104,"column":12},"end":{"line":104,"column":113}},{"start":{},"end":{}}],"line":104},"10":{"loc":{"start":{"line":107,"column":12},"end":{"line":107,"column":72}},"type":"if","locations":[{"start":{"line":107,"column":12},"end":{"line":107,"column":72}},{"start":{},"end":{}}],"line":107},"11":{"loc":{"start":{"line":120,"column":12},"end":{"line":122,"column":13}},"type":"if","locations":[{"start":{"line":120,"column":12},"end":{"line":122,"column":13}},{"start":{},"end":{}}],"line":120},"12":{"loc":{"start":{"line":137,"column":28},"end":{"line":137,"column":64}},"type":"binary-expr","locations":[{"start":{"line":137,"column":28},"end":{"line":137,"column":42}},{"start":{"line":137,"column":46},"end":{"line":137,"column":64}}],"line":137},"13":{"loc":{"start":{"line":154,"column":32},"end":{"line":154,"column":114}},"type":"cond-expr","locations":[{"start":{"line":154,"column":61},"end":{"line":154,"column":86}},{"start":{"line":154,"column":89},"end":{"line":154,"column":114}}],"line":154},"14":{"loc":{"start":{"line":160,"column":39},"end":{"line":160,"column":97}},"type":"binary-expr","locations":[{"start":{"line":160,"column":39},"end":{"line":160,"column":63}},{"start":{"line":160,"column":67},"end":{"line":160,"column":97}}],"line":160},"15":{"loc":{"start":{"line":161,"column":36},"end":{"line":161,"column":97}},"type":"binary-expr","locations":[{"start":{"line":161,"column":36},"end":{"line":161,"column":59}},{"start":{"line":161,"column":63},"end":{"line":161,"column":97}}],"line":161},"16":{"loc":{"start":{"line":165,"column":12},"end":{"line":171,"column":13}},"type":"if","locations":[{"start":{"line":165,"column":12},"end":{"line":171,"column":13}},{"start":{},"end":{}}],"line":165},"17":{"loc":{"start":{"line":181,"column":12},"end":{"line":188,"column":13}},"type":"if","locations":[{"start":{"line":181,"column":12},"end":{"line":188,"column":13}},{"start":{},"end":{}}],"line":181},"18":{"loc":{"start":{"line":207,"column":25},"end":{"line":207,"column":88}},"type":"binary-expr","locations":[{"start":{"line":207,"column":25},"end":{"line":207,"column":41}},{"start":{"line":207,"column":45},"end":{"line":207,"column":88}}],"line":207},"19":{"loc":{"start":{"line":213,"column":26},"end":{"line":213,"column":85}},"type":"cond-expr","locations":[{"start":{"line":213,"column":76},"end":{"line":213,"column":79}},{"start":{"line":213,"column":82},"end":{"line":213,"column":85}}],"line":213},"20":{"loc":{"start":{"line":215,"column":21},"end":{"line":215,"column":61}},"type":"binary-expr","locations":[{"start":{"line":215,"column":21},"end":{"line":215,"column":34}},{"start":{"line":215,"column":38},"end":{"line":215,"column":61}}],"line":215},"21":{"loc":{"start":{"line":231,"column":8},"end":{"line":231,"column":131}},"type":"if","locations":[{"start":{"line":231,"column":8},"end":{"line":231,"column":131}},{"start":{},"end":{}}],"line":231},"22":{"loc":{"start":{"line":231,"column":12},"end":{"line":231,"column":46}},"type":"binary-expr","locations":[{"start":{"line":231,"column":12},"end":{"line":231,"column":16}},{"start":{"line":231,"column":20},"end":{"line":231,"column":46}}],"line":231},"23":{"loc":{"start":{"line":233,"column":8},"end":{"line":264,"column":9}},"type":"if","locations":[{"start":{"line":233,"column":8},"end":{"line":264,"column":9}},{"start":{},"end":{}}],"line":233},"24":{"loc":{"start":{"line":233,"column":12},"end":{"line":233,"column":77}},"type":"binary-expr","locations":[{"start":{"line":233,"column":12},"end":{"line":233,"column":52}},{"start":{"line":233,"column":56},"end":{"line":233,"column":77}}],"line":233},"25":{"loc":{"start":{"line":238,"column":16},"end":{"line":260,"column":17}},"type":"if","locations":[{"start":{"line":238,"column":16},"end":{"line":260,"column":17}},{"start":{"line":245,"column":21},"end":{"line":260,"column":17}}],"line":238},"26":{"loc":{"start":{"line":238,"column":20},"end":{"line":238,"column":67}},"type":"binary-expr","locations":[{"start":{"line":238,"column":20},"end":{"line":238,"column":31}},{"start":{"line":238,"column":35},"end":{"line":238,"column":67}}],"line":238},"27":{"loc":{"start":{"line":245,"column":21},"end":{"line":260,"column":17}},"type":"if","locations":[{"start":{"line":245,"column":21},"end":{"line":260,"column":17}},{"start":{},"end":{}}],"line":245},"28":{"loc":{"start":{"line":245,"column":25},"end":{"line":245,"column":71}},"type":"binary-expr","locations":[{"start":{"line":245,"column":25},"end":{"line":245,"column":36}},{"start":{"line":245,"column":40},"end":{"line":245,"column":71}}],"line":245}},"s":{"0":1,"1":1,"2":1,"3":1,"4":1,"5":1,"6":1,"7":1,"8":1,"9":1,"10":3,"11":3,"12":3,"13":3,"14":0,"15":3,"16":3,"17":3,"18":3,"19":0,"20":3,"21":3,"22":3,"23":3,"24":1,"25":2,"26":2,"27":2,"28":2,"29":0,"30":0,"31":0,"32":2,"33":2,"34":2,"35":1,"36":1,"37":1,"38":1,"39":0,"40":1,"41":0,"42":1,"43":1,"44":0,"45":1,"46":1,"47":0,"48":1,"49":1,"50":1,"51":1,"52":1,"53":1,"54":1,"55":1,"56":0,"57":1,"58":0,"59":0,"60":0,"61":0,"62":0,"63":0,"64":0,"65":1,"66":0,"67":0,"68":0,"69":0,"70":0,"71":0,"72":0,"73":0,"74":0,"75":0,"76":0,"77":0,"78":0,"79":0,"80":0,"81":0,"82":0,"83":1},"f":{"0":3,"1":1,"2":0,"3":0},"b":{"0":[0,3],"1":[0,3],"2":[3,3,3],"3":[1,2],"4":[0,2],"5":[0,0],"6":[1,1],"7":[2,1,1],"8":[0,1],"9":[0,1],"10":[0,1],"11":[0,1],"12":[1,0],"13":[0,1],"14":[1,1],"15":[1,0],"16":[0,1],"17":[0,0],"18":[0,0],"19":[0,0],"20":[0,0],"21":[0,0],"22":[0,0],"23":[0,0],"24":[0,0],"25":[0,0],"26":[0,0],"27":[0,0],"28":[0,0]},"_coverageSchema":"1a1c01bbd47fc00a2c39e90264f33305004495a9","hash":"d850625d3cfbfc7d43598a4a2c094a2f6aed0f3f"}
,"C:\\Users\\Yadak Linus\\Desktop\\dataapp\\api\\v1\\transactions\\cableController.js": {"path":"C:\\Users\\Yadak Linus\\Desktop\\dataapp\\api\\v1\\transactions\\cableController.js","statementMap":{"0":{"start":{"line":1,"column":14},"end":{"line":1,"column":28}},"1":{"start":{"line":2,"column":15},"end":{"line":2,"column":38}},"2":{"start":{"line":3,"column":23},"end":{"line":3,"column":59}},"3":{"start":{"line":4,"column":47},"end":{"line":4,"column":72}},"4":{"start":{"line":6,"column":43},"end":{"line":6,"column":66}},"5":{"start":{"line":7,"column":27},"end":{"line":7,"column":59}},"6":{"start":{"line":8,"column":15},"end":{"line":8,"column":34}},"7":{"start":{"line":11,"column":24},"end":{"line":16,"column":2}},"8":{"start":{"line":13,"column":25},"end":{"line":13,"column":98}},"9":{"start":{"line":18,"column":35},"end":{"line":24,"column":2}},"10":{"start":{"line":29,"column":23},"end":{"line":32,"column":1}},"11":{"start":{"line":30,"column":4},"end":{"line":30,"column":60}},"12":{"start":{"line":30,"column":33},"end":{"line":30,"column":60}},"13":{"start":{"line":31,"column":4},"end":{"line":31,"column":59}},"14":{"start":{"line":31,"column":35},"end":{"line":31,"column":46}},"15":{"start":{"line":34,"column":20},"end":{"line":48,"column":1}},"16":{"start":{"line":35,"column":4},"end":{"line":47,"column":5}},"17":{"start":{"line":36,"column":25},"end":{"line":36,"column":75}},"18":{"start":{"line":38,"column":8},"end":{"line":38,"column":49}},"19":{"start":{"line":39,"column":8},"end":{"line":39,"column":46}},"20":{"start":{"line":42,"column":8},"end":{"line":42,"column":68}},"21":{"start":{"line":43,"column":8},"end":{"line":46,"column":11}},"22":{"start":{"line":53,"column":18},"end":{"line":73,"column":1}},"23":{"start":{"line":55,"column":23},"end":{"line":55,"column":59}},"24":{"start":{"line":57,"column":4},"end":{"line":62,"column":5}},"25":{"start":{"line":58,"column":8},"end":{"line":61,"column":11}},"26":{"start":{"line":64,"column":37},"end":{"line":64,"column":52}},"27":{"start":{"line":66,"column":4},"end":{"line":72,"column":5}},"28":{"start":{"line":67,"column":23},"end":{"line":67,"column":81}},"29":{"start":{"line":69,"column":8},"end":{"line":69,"column":68}},"30":{"start":{"line":71,"column":8},"end":{"line":71,"column":81}},"31":{"start":{"line":78,"column":29},"end":{"line":273,"column":1}},"32":{"start":{"line":80,"column":4},"end":{"line":272,"column":5}},"33":{"start":{"line":82,"column":27},"end":{"line":82,"column":73}},"34":{"start":{"line":84,"column":8},"end":{"line":89,"column":9}},"35":{"start":{"line":85,"column":12},"end":{"line":88,"column":15}},"36":{"start":{"line":91,"column":78},"end":{"line":91,"column":93}},"37":{"start":{"line":92,"column":8},"end":{"line":92,"column":93}},"38":{"start":{"line":93,"column":23},"end":{"line":93,"column":34}},"39":{"start":{"line":95,"column":29},"end":{"line":95,"column":87}},"40":{"start":{"line":96,"column":29},"end":{"line":96,"column":55}},"41":{"start":{"line":98,"column":25},"end":{"line":98,"column":73}},"42":{"start":{"line":99,"column":32},"end":{"line":99,"column":84}},"43":{"start":{"line":99,"column":51},"end":{"line":99,"column":83}},"44":{"start":{"line":101,"column":8},"end":{"line":103,"column":9}},"45":{"start":{"line":102,"column":12},"end":{"line":102,"column":94}},"46":{"start":{"line":106,"column":31},"end":{"line":106,"column":97}},"47":{"start":{"line":107,"column":28},"end":{"line":107,"column":48}},"48":{"start":{"line":110,"column":31},"end":{"line":110,"column":63}},"49":{"start":{"line":112,"column":8},"end":{"line":148,"column":9}},"50":{"start":{"line":114,"column":31},"end":{"line":120,"column":14}},"51":{"start":{"line":121,"column":12},"end":{"line":126,"column":13}},"52":{"start":{"line":122,"column":16},"end":{"line":125,"column":19}},"53":{"start":{"line":129,"column":36},"end":{"line":129,"column":64}},"54":{"start":{"line":130,"column":31},"end":{"line":140,"column":14}},"55":{"start":{"line":142,"column":12},"end":{"line":147,"column":13}},"56":{"start":{"line":143,"column":16},"end":{"line":146,"column":19}},"57":{"start":{"line":151,"column":23},"end":{"line":196,"column":10}},"58":{"start":{"line":153,"column":12},"end":{"line":153,"column":71}},"59":{"start":{"line":154,"column":12},"end":{"line":154,"column":57}},"60":{"start":{"line":154,"column":23},"end":{"line":154,"column":57}},"61":{"start":{"line":155,"column":12},"end":{"line":155,"column":113}},"62":{"start":{"line":155,"column":38},"end":{"line":155,"column":113}},"63":{"start":{"line":157,"column":31},"end":{"line":157,"column":88}},"64":{"start":{"line":158,"column":12},"end":{"line":158,"column":72}},"65":{"start":{"line":158,"column":29},"end":{"line":158,"column":72}},"66":{"start":{"line":160,"column":33},"end":{"line":169,"column":14}},"67":{"start":{"line":171,"column":12},"end":{"line":173,"column":13}},"68":{"start":{"line":172,"column":16},"end":{"line":172,"column":63}},"69":{"start":{"line":175,"column":30},"end":{"line":175,"column":54}},"70":{"start":{"line":176,"column":32},"end":{"line":193,"column":14}},"71":{"start":{"line":195,"column":12},"end":{"line":195,"column":46}},"72":{"start":{"line":199,"column":8},"end":{"line":264,"column":9}},"73":{"start":{"line":200,"column":37},"end":{"line":207,"column":13}},"74":{"start":{"line":209,"column":32},"end":{"line":209,"column":114}},"75":{"start":{"line":211,"column":12},"end":{"line":218,"column":15}},"76":{"start":{"line":220,"column":12},"end":{"line":226,"column":13}},"77":{"start":{"line":221,"column":16},"end":{"line":225,"column":19}},"78":{"start":{"line":228,"column":12},"end":{"line":232,"column":15}},"79":{"start":{"line":236,"column":12},"end":{"line":243,"column":13}},"80":{"start":{"line":237,"column":16},"end":{"line":237,"column":106}},"81":{"start":{"line":238,"column":16},"end":{"line":242,"column":19}},"82":{"start":{"line":246,"column":12},"end":{"line":258,"column":15}},"83":{"start":{"line":260,"column":12},"end":{"line":263,"column":15}},"84":{"start":{"line":267,"column":8},"end":{"line":267,"column":56}},"85":{"start":{"line":268,"column":8},"end":{"line":271,"column":11}},"86":{"start":{"line":276,"column":0},"end":{"line":276,"column":66}}},"fnMap":{"0":{"name":"(anonymous_0)","decl":{"start":{"line":13,"column":18},"end":{"line":13,"column":19}},"loc":{"start":{"line":13,"column":25},"end":{"line":13,"column":98}},"line":13},"1":{"name":"(anonymous_1)","decl":{"start":{"line":29,"column":23},"end":{"line":29,"column":24}},"loc":{"start":{"line":29,"column":34},"end":{"line":32,"column":1}},"line":29},"2":{"name":"(anonymous_2)","decl":{"start":{"line":31,"column":28},"end":{"line":31,"column":29}},"loc":{"start":{"line":31,"column":35},"end":{"line":31,"column":46}},"line":31},"3":{"name":"(anonymous_3)","decl":{"start":{"line":34,"column":20},"end":{"line":34,"column":21}},"loc":{"start":{"line":34,"column":40},"end":{"line":48,"column":1}},"line":34},"4":{"name":"(anonymous_4)","decl":{"start":{"line":53,"column":18},"end":{"line":53,"column":19}},"loc":{"start":{"line":53,"column":38},"end":{"line":73,"column":1}},"line":53},"5":{"name":"(anonymous_5)","decl":{"start":{"line":78,"column":29},"end":{"line":78,"column":30}},"loc":{"start":{"line":78,"column":49},"end":{"line":273,"column":1}},"line":78},"6":{"name":"(anonymous_6)","decl":{"start":{"line":99,"column":46},"end":{"line":99,"column":47}},"loc":{"start":{"line":99,"column":51},"end":{"line":99,"column":83}},"line":99},"7":{"name":"(anonymous_7)","decl":{"start":{"line":151,"column":49},"end":{"line":151,"column":50}},"loc":{"start":{"line":151,"column":63},"end":{"line":196,"column":9}},"line":151}},"branchMap":{"0":{"loc":{"start":{"line":30,"column":4},"end":{"line":30,"column":60}},"type":"if","locations":[{"start":{"line":30,"column":4},"end":{"line":30,"column":60}},{"start":{},"end":{}}],"line":30},"1":{"loc":{"start":{"line":30,"column":8},"end":{"line":30,"column":31}},"type":"binary-expr","locations":[{"start":{"line":30,"column":8},"end":{"line":30,"column":14}},{"start":{"line":30,"column":18},"end":{"line":30,"column":31}}],"line":30},"2":{"loc":{"start":{"line":57,"column":4},"end":{"line":62,"column":5}},"type":"if","locations":[{"start":{"line":57,"column":4},"end":{"line":62,"column":5}},{"start":{},"end":{}}],"line":57},"3":{"loc":{"start":{"line":84,"column":8},"end":{"line":89,"column":9}},"type":"if","locations":[{"start":{"line":84,"column":8},"end":{"line":89,"column":9}},{"start":{},"end":{}}],"line":84},"4":{"loc":{"start":{"line":101,"column":8},"end":{"line":103,"column":9}},"type":"if","locations":[{"start":{"line":101,"column":8},"end":{"line":103,"column":9}},{"start":{},"end":{}}],"line":101},"5":{"loc":{"start":{"line":106,"column":31},"end":{"line":106,"column":97}},"type":"cond-expr","locations":[{"start":{"line":106,"column":40},"end":{"line":106,"column":54}},{"start":{"line":106,"column":57},"end":{"line":106,"column":97}}],"line":106},"6":{"loc":{"start":{"line":112,"column":8},"end":{"line":148,"column":9}},"type":"if","locations":[{"start":{"line":112,"column":8},"end":{"line":148,"column":9}},{"start":{"line":127,"column":15},"end":{"line":148,"column":9}}],"line":112},"7":{"loc":{"start":{"line":121,"column":12},"end":{"line":126,"column":13}},"type":"if","locations":[{"start":{"line":121,"column":12},"end":{"line":126,"column":13}},{"start":{},"end":{}}],"line":121},"8":{"loc":{"start":{"line":142,"column":12},"end":{"line":147,"column":13}},"type":"if","locations":[{"start":{"line":142,"column":12},"end":{"line":147,"column":13}},{"start":{},"end":{}}],"line":142},"9":{"loc":{"start":{"line":142,"column":16},"end":{"line":142,"column":143}},"type":"binary-expr","locations":[{"start":{"line":142,"column":16},"end":{"line":142,"column":26}},{"start":{"line":142,"column":30},"end":{"line":142,"column":49}},{"start":{"line":142,"column":53},"end":{"line":142,"column":92}},{"start":{"line":142,"column":96},"end":{"line":142,"column":143}}],"line":142},"10":{"loc":{"start":{"line":154,"column":12},"end":{"line":154,"column":57}},"type":"if","locations":[{"start":{"line":154,"column":12},"end":{"line":154,"column":57}},{"start":{},"end":{}}],"line":154},"11":{"loc":{"start":{"line":155,"column":12},"end":{"line":155,"column":113}},"type":"if","locations":[{"start":{"line":155,"column":12},"end":{"line":155,"column":113}},{"start":{},"end":{}}],"line":155},"12":{"loc":{"start":{"line":158,"column":12},"end":{"line":158,"column":72}},"type":"if","locations":[{"start":{"line":158,"column":12},"end":{"line":158,"column":72}},{"start":{},"end":{}}],"line":158},"13":{"loc":{"start":{"line":171,"column":12},"end":{"line":173,"column":13}},"type":"if","locations":[{"start":{"line":171,"column":12},"end":{"line":173,"column":13}},{"start":{},"end":{}}],"line":171},"14":{"loc":{"start":{"line":190,"column":28},"end":{"line":190,"column":64}},"type":"binary-expr","locations":[{"start":{"line":190,"column":28},"end":{"line":190,"column":42}},{"start":{"line":190,"column":46},"end":{"line":190,"column":64}}],"line":190},"15":{"loc":{"start":{"line":209,"column":32},"end":{"line":209,"column":114}},"type":"cond-expr","locations":[{"start":{"line":209,"column":61},"end":{"line":209,"column":86}},{"start":{"line":209,"column":89},"end":{"line":209,"column":114}}],"line":209},"16":{"loc":{"start":{"line":220,"column":12},"end":{"line":226,"column":13}},"type":"if","locations":[{"start":{"line":220,"column":12},"end":{"line":226,"column":13}},{"start":{},"end":{}}],"line":220},"17":{"loc":{"start":{"line":236,"column":12},"end":{"line":243,"column":13}},"type":"if","locations":[{"start":{"line":236,"column":12},"end":{"line":243,"column":13}},{"start":{},"end":{}}],"line":236},"18":{"loc":{"start":{"line":262,"column":25},"end":{"line":262,"column":93}},"type":"binary-expr","locations":[{"start":{"line":262,"column":25},"end":{"line":262,"column":41}},{"start":{"line":262,"column":45},"end":{"line":262,"column":93}}],"line":262},"19":{"loc":{"start":{"line":268,"column":26},"end":{"line":268,"column":85}},"type":"cond-expr","locations":[{"start":{"line":268,"column":76},"end":{"line":268,"column":79}},{"start":{"line":268,"column":82},"end":{"line":268,"column":85}}],"line":268},"20":{"loc":{"start":{"line":270,"column":21},"end":{"line":270,"column":61}},"type":"binary-expr","locations":[{"start":{"line":270,"column":21},"end":{"line":270,"column":34}},{"start":{"line":270,"column":38},"end":{"line":270,"column":61}}],"line":270}},"s":{"0":1,"1":1,"2":1,"3":1,"4":1,"5":1,"6":1,"7":1,"8":0,"9":1,"10":1,"11":0,"12":0,"13":0,"14":0,"15":1,"16":0,"17":0,"18":0,"19":0,"20":0,"21":0,"22":1,"23":0,"24":0,"25":0,"26":0,"27":0,"28":0,"29":0,"30":0,"31":1,"32":3,"33":3,"34":3,"35":0,"36":3,"37":3,"38":3,"39":3,"40":3,"41":3,"42":3,"43":3,"44":3,"45":1,"46":2,"47":2,"48":2,"49":2,"50":1,"51":1,"52":1,"53":1,"54":1,"55":1,"56":0,"57":1,"58":1,"59":1,"60":0,"61":1,"62":0,"63":1,"64":1,"65":0,"66":1,"67":1,"68":0,"69":1,"70":1,"71":1,"72":1,"73":1,"74":1,"75":1,"76":1,"77":0,"78":1,"79":0,"80":0,"81":0,"82":0,"83":0,"84":0,"85":0,"86":1},"f":{"0":0,"1":0,"2":0,"3":0,"4":0,"5":3,"6":3,"7":1},"b":{"0":[0,0],"1":[0,0],"2":[0,0],"3":[0,3],"4":[1,2],"5":[0,2],"6":[1,1],"7":[1,0],"8":[0,1],"9":[1,0,0,0],"10":[0,1],"11":[0,1],"12":[0,1],"13":[0,1],"14":[1,0],"15":[0,1],"16":[0,1],"17":[0,0],"18":[0,0],"19":[0,0],"20":[0,0]},"_coverageSchema":"1a1c01bbd47fc00a2c39e90264f33305004495a9","hash":"e227064bc516287fdc7980a5a4697bdbde9f0901"}
,"C:\\Users\\Yadak Linus\\Desktop\\dataapp\\api\\v1\\transactions\\dataController.js": {"path":"C:\\Users\\Yadak Linus\\Desktop\\dataapp\\api\\v1\\transactions\\dataController.js","statementMap":{"0":{"start":{"line":1,"column":15},"end":{"line":1,"column":38}},"1":{"start":{"line":2,"column":23},"end":{"line":2,"column":59}},"2":{"start":{"line":3,"column":55},"end":{"line":3,"column":88}},"3":{"start":{"line":4,"column":47},"end":{"line":4,"column":72}},"4":{"start":{"line":5,"column":14},"end":{"line":5,"column":28}},"5":{"start":{"line":6,"column":43},"end":{"line":6,"column":66}},"6":{"start":{"line":7,"column":27},"end":{"line":7,"column":59}},"7":{"start":{"line":8,"column":15},"end":{"line":8,"column":34}},"8":{"start":{"line":10,"column":27},"end":{"line":15,"column":2}},"9":{"start":{"line":20,"column":26},"end":{"line":27,"column":1}},"10":{"start":{"line":21,"column":4},"end":{"line":26,"column":5}},"11":{"start":{"line":22,"column":22},"end":{"line":22,"column":68}},"12":{"start":{"line":23,"column":8},"end":{"line":23,"column":43}},"13":{"start":{"line":25,"column":8},"end":{"line":25,"column":81}},"14":{"start":{"line":33,"column":21},"end":{"line":230,"column":1}},"15":{"start":{"line":35,"column":19},"end":{"line":35,"column":57}},"16":{"start":{"line":36,"column":4},"end":{"line":38,"column":5}},"17":{"start":{"line":37,"column":8},"end":{"line":37,"column":98}},"18":{"start":{"line":41,"column":61},"end":{"line":41,"column":72}},"19":{"start":{"line":43,"column":4},"end":{"line":43,"column":72}},"20":{"start":{"line":44,"column":19},"end":{"line":44,"column":30}},"21":{"start":{"line":46,"column":4},"end":{"line":48,"column":5}},"22":{"start":{"line":47,"column":8},"end":{"line":47,"column":117}},"23":{"start":{"line":51,"column":27},"end":{"line":51,"column":69}},"24":{"start":{"line":59,"column":23},"end":{"line":59,"column":56}},"25":{"start":{"line":61,"column":4},"end":{"line":229,"column":5}},"26":{"start":{"line":62,"column":27},"end":{"line":62,"column":31}},"27":{"start":{"line":63,"column":27},"end":{"line":63,"column":28}},"28":{"start":{"line":64,"column":23},"end":{"line":64,"column":25}},"29":{"start":{"line":66,"column":25},"end":{"line":66,"column":69}},"30":{"start":{"line":67,"column":8},"end":{"line":67,"column":87}},"31":{"start":{"line":67,"column":42},"end":{"line":67,"column":85}},"32":{"start":{"line":68,"column":8},"end":{"line":70,"column":9}},"33":{"start":{"line":69,"column":12},"end":{"line":69,"column":100}},"34":{"start":{"line":71,"column":8},"end":{"line":71,"column":50}},"35":{"start":{"line":72,"column":8},"end":{"line":72,"column":37}},"36":{"start":{"line":75,"column":31},"end":{"line":75,"column":63}},"37":{"start":{"line":77,"column":8},"end":{"line":113,"column":9}},"38":{"start":{"line":79,"column":31},"end":{"line":85,"column":14}},"39":{"start":{"line":86,"column":12},"end":{"line":91,"column":13}},"40":{"start":{"line":87,"column":16},"end":{"line":90,"column":19}},"41":{"start":{"line":94,"column":36},"end":{"line":94,"column":64}},"42":{"start":{"line":95,"column":31},"end":{"line":105,"column":14}},"43":{"start":{"line":107,"column":12},"end":{"line":112,"column":13}},"44":{"start":{"line":108,"column":16},"end":{"line":111,"column":19}},"45":{"start":{"line":115,"column":23},"end":{"line":159,"column":10}},"46":{"start":{"line":117,"column":25},"end":{"line":117,"column":76}},"47":{"start":{"line":118,"column":12},"end":{"line":118,"column":57}},"48":{"start":{"line":118,"column":23},"end":{"line":118,"column":57}},"49":{"start":{"line":119,"column":12},"end":{"line":119,"column":113}},"50":{"start":{"line":119,"column":38},"end":{"line":119,"column":113}},"51":{"start":{"line":121,"column":31},"end":{"line":121,"column":88}},"52":{"start":{"line":122,"column":12},"end":{"line":122,"column":72}},"53":{"start":{"line":122,"column":29},"end":{"line":122,"column":72}},"54":{"start":{"line":124,"column":33},"end":{"line":133,"column":14}},"55":{"start":{"line":135,"column":12},"end":{"line":137,"column":13}},"56":{"start":{"line":136,"column":16},"end":{"line":136,"column":63}},"57":{"start":{"line":139,"column":30},"end":{"line":139,"column":54}},"58":{"start":{"line":141,"column":32},"end":{"line":156,"column":14}},"59":{"start":{"line":158,"column":12},"end":{"line":158,"column":46}},"60":{"start":{"line":161,"column":8},"end":{"line":222,"column":9}},"61":{"start":{"line":162,"column":37},"end":{"line":167,"column":13}},"62":{"start":{"line":169,"column":32},"end":{"line":169,"column":114}},"63":{"start":{"line":171,"column":12},"end":{"line":178,"column":15}},"64":{"start":{"line":180,"column":12},"end":{"line":186,"column":13}},"65":{"start":{"line":181,"column":16},"end":{"line":185,"column":19}},"66":{"start":{"line":188,"column":12},"end":{"line":192,"column":15}},"67":{"start":{"line":195,"column":12},"end":{"line":202,"column":13}},"68":{"start":{"line":196,"column":16},"end":{"line":196,"column":106}},"69":{"start":{"line":197,"column":16},"end":{"line":201,"column":19}},"70":{"start":{"line":204,"column":12},"end":{"line":216,"column":15}},"71":{"start":{"line":218,"column":12},"end":{"line":221,"column":15}},"72":{"start":{"line":225,"column":8},"end":{"line":228,"column":11}},"73":{"start":{"line":232,"column":22},"end":{"line":279,"column":1}},"74":{"start":{"line":233,"column":26},"end":{"line":233,"column":36}},"75":{"start":{"line":234,"column":4},"end":{"line":278,"column":5}},"76":{"start":{"line":235,"column":18},"end":{"line":238,"column":10}},"77":{"start":{"line":240,"column":8},"end":{"line":240,"column":131}},"78":{"start":{"line":240,"column":48},"end":{"line":240,"column":131}},"79":{"start":{"line":242,"column":8},"end":{"line":273,"column":9}},"80":{"start":{"line":243,"column":12},"end":{"line":272,"column":13}},"81":{"start":{"line":244,"column":36},"end":{"line":244,"column":106}},"82":{"start":{"line":244,"column":101},"end":{"line":244,"column":105}},"83":{"start":{"line":247,"column":16},"end":{"line":269,"column":17}},"84":{"start":{"line":248,"column":20},"end":{"line":252,"column":23}},"85":{"start":{"line":254,"column":21},"end":{"line":269,"column":17}},"86":{"start":{"line":255,"column":40},"end":{"line":267,"column":22}},"87":{"start":{"line":268,"column":20},"end":{"line":268,"column":64}},"88":{"start":{"line":271,"column":16},"end":{"line":271,"column":77}},"89":{"start":{"line":275,"column":8},"end":{"line":275,"column":65}},"90":{"start":{"line":277,"column":8},"end":{"line":277,"column":92}},"91":{"start":{"line":281,"column":0},"end":{"line":285,"column":2}}},"fnMap":{"0":{"name":"(anonymous_0)","decl":{"start":{"line":20,"column":26},"end":{"line":20,"column":27}},"loc":{"start":{"line":20,"column":46},"end":{"line":27,"column":1}},"line":20},"1":{"name":"(anonymous_1)","decl":{"start":{"line":33,"column":21},"end":{"line":33,"column":22}},"loc":{"start":{"line":33,"column":41},"end":{"line":230,"column":1}},"line":33},"2":{"name":"(anonymous_2)","decl":{"start":{"line":67,"column":37},"end":{"line":67,"column":38}},"loc":{"start":{"line":67,"column":42},"end":{"line":67,"column":85}},"line":67},"3":{"name":"(anonymous_3)","decl":{"start":{"line":115,"column":49},"end":{"line":115,"column":50}},"loc":{"start":{"line":115,"column":63},"end":{"line":159,"column":9}},"line":115},"4":{"name":"(anonymous_4)","decl":{"start":{"line":232,"column":22},"end":{"line":232,"column":23}},"loc":{"start":{"line":232,"column":42},"end":{"line":279,"column":1}},"line":232},"5":{"name":"(anonymous_5)","decl":{"start":{"line":244,"column":95},"end":{"line":244,"column":96}},"loc":{"start":{"line":244,"column":101},"end":{"line":244,"column":105}},"line":244}},"branchMap":{"0":{"loc":{"start":{"line":36,"column":4},"end":{"line":38,"column":5}},"type":"if","locations":[{"start":{"line":36,"column":4},"end":{"line":38,"column":5}},{"start":{},"end":{}}],"line":36},"1":{"loc":{"start":{"line":46,"column":4},"end":{"line":48,"column":5}},"type":"if","locations":[{"start":{"line":46,"column":4},"end":{"line":48,"column":5}},{"start":{},"end":{}}],"line":46},"2":{"loc":{"start":{"line":46,"column":8},"end":{"line":46,"column":43}},"type":"binary-expr","locations":[{"start":{"line":46,"column":8},"end":{"line":46,"column":16}},{"start":{"line":46,"column":20},"end":{"line":46,"column":27}},{"start":{"line":46,"column":31},"end":{"line":46,"column":43}}],"line":46},"3":{"loc":{"start":{"line":68,"column":8},"end":{"line":70,"column":9}},"type":"if","locations":[{"start":{"line":68,"column":8},"end":{"line":70,"column":9}},{"start":{},"end":{}}],"line":68},"4":{"loc":{"start":{"line":77,"column":8},"end":{"line":113,"column":9}},"type":"if","locations":[{"start":{"line":77,"column":8},"end":{"line":113,"column":9}},{"start":{"line":92,"column":15},"end":{"line":113,"column":9}}],"line":77},"5":{"loc":{"start":{"line":86,"column":12},"end":{"line":91,"column":13}},"type":"if","locations":[{"start":{"line":86,"column":12},"end":{"line":91,"column":13}},{"start":{},"end":{}}],"line":86},"6":{"loc":{"start":{"line":107,"column":12},"end":{"line":112,"column":13}},"type":"if","locations":[{"start":{"line":107,"column":12},"end":{"line":112,"column":13}},{"start":{},"end":{}}],"line":107},"7":{"loc":{"start":{"line":107,"column":16},"end":{"line":107,"column":133}},"type":"binary-expr","locations":[{"start":{"line":107,"column":16},"end":{"line":107,"column":26}},{"start":{"line":107,"column":30},"end":{"line":107,"column":49}},{"start":{"line":107,"column":53},"end":{"line":107,"column":92}},{"start":{"line":107,"column":96},"end":{"line":107,"column":133}}],"line":107},"8":{"loc":{"start":{"line":118,"column":12},"end":{"line":118,"column":57}},"type":"if","locations":[{"start":{"line":118,"column":12},"end":{"line":118,"column":57}},{"start":{},"end":{}}],"line":118},"9":{"loc":{"start":{"line":119,"column":12},"end":{"line":119,"column":113}},"type":"if","locations":[{"start":{"line":119,"column":12},"end":{"line":119,"column":113}},{"start":{},"end":{}}],"line":119},"10":{"loc":{"start":{"line":122,"column":12},"end":{"line":122,"column":72}},"type":"if","locations":[{"start":{"line":122,"column":12},"end":{"line":122,"column":72}},{"start":{},"end":{}}],"line":122},"11":{"loc":{"start":{"line":135,"column":12},"end":{"line":137,"column":13}},"type":"if","locations":[{"start":{"line":135,"column":12},"end":{"line":137,"column":13}},{"start":{},"end":{}}],"line":135},"12":{"loc":{"start":{"line":153,"column":28},"end":{"line":153,"column":64}},"type":"binary-expr","locations":[{"start":{"line":153,"column":28},"end":{"line":153,"column":42}},{"start":{"line":153,"column":46},"end":{"line":153,"column":64}}],"line":153},"13":{"loc":{"start":{"line":169,"column":32},"end":{"line":169,"column":114}},"type":"cond-expr","locations":[{"start":{"line":169,"column":61},"end":{"line":169,"column":86}},{"start":{"line":169,"column":89},"end":{"line":169,"column":114}}],"line":169},"14":{"loc":{"start":{"line":175,"column":39},"end":{"line":175,"column":97}},"type":"binary-expr","locations":[{"start":{"line":175,"column":39},"end":{"line":175,"column":63}},{"start":{"line":175,"column":67},"end":{"line":175,"column":97}}],"line":175},"15":{"loc":{"start":{"line":176,"column":36},"end":{"line":176,"column":97}},"type":"binary-expr","locations":[{"start":{"line":176,"column":36},"end":{"line":176,"column":59}},{"start":{"line":176,"column":63},"end":{"line":176,"column":97}}],"line":176},"16":{"loc":{"start":{"line":180,"column":12},"end":{"line":186,"column":13}},"type":"if","locations":[{"start":{"line":180,"column":12},"end":{"line":186,"column":13}},{"start":{},"end":{}}],"line":180},"17":{"loc":{"start":{"line":195,"column":12},"end":{"line":202,"column":13}},"type":"if","locations":[{"start":{"line":195,"column":12},"end":{"line":202,"column":13}},{"start":{},"end":{}}],"line":195},"18":{"loc":{"start":{"line":220,"column":25},"end":{"line":220,"column":93}},"type":"binary-expr","locations":[{"start":{"line":220,"column":25},"end":{"line":220,"column":41}},{"start":{"line":220,"column":45},"end":{"line":220,"column":93}}],"line":220},"19":{"loc":{"start":{"line":225,"column":26},"end":{"line":225,"column":85}},"type":"cond-expr","locations":[{"start":{"line":225,"column":76},"end":{"line":225,"column":79}},{"start":{"line":225,"column":82},"end":{"line":225,"column":85}}],"line":225},"20":{"loc":{"start":{"line":227,"column":21},"end":{"line":227,"column":61}},"type":"binary-expr","locations":[{"start":{"line":227,"column":21},"end":{"line":227,"column":34}},{"start":{"line":227,"column":38},"end":{"line":227,"column":61}}],"line":227},"21":{"loc":{"start":{"line":240,"column":8},"end":{"line":240,"column":131}},"type":"if","locations":[{"start":{"line":240,"column":8},"end":{"line":240,"column":131}},{"start":{},"end":{}}],"line":240},"22":{"loc":{"start":{"line":240,"column":12},"end":{"line":240,"column":46}},"type":"binary-expr","locations":[{"start":{"line":240,"column":12},"end":{"line":240,"column":16}},{"start":{"line":240,"column":20},"end":{"line":240,"column":46}}],"line":240},"23":{"loc":{"start":{"line":242,"column":8},"end":{"line":273,"column":9}},"type":"if","locations":[{"start":{"line":242,"column":8},"end":{"line":273,"column":9}},{"start":{},"end":{}}],"line":242},"24":{"loc":{"start":{"line":242,"column":12},"end":{"line":242,"column":77}},"type":"binary-expr","locations":[{"start":{"line":242,"column":12},"end":{"line":242,"column":52}},{"start":{"line":242,"column":56},"end":{"line":242,"column":77}}],"line":242},"25":{"loc":{"start":{"line":247,"column":16},"end":{"line":269,"column":17}},"type":"if","locations":[{"start":{"line":247,"column":16},"end":{"line":269,"column":17}},{"start":{"line":254,"column":21},"end":{"line":269,"column":17}}],"line":247},"26":{"loc":{"start":{"line":247,"column":20},"end":{"line":247,"column":67}},"type":"binary-expr","locations":[{"start":{"line":247,"column":20},"end":{"line":247,"column":31}},{"start":{"line":247,"column":35},"end":{"line":247,"column":67}}],"line":247},"27":{"loc":{"start":{"line":254,"column":21},"end":{"line":269,"column":17}},"type":"if","locations":[{"start":{"line":254,"column":21},"end":{"line":269,"column":17}},{"start":{},"end":{}}],"line":254},"28":{"loc":{"start":{"line":254,"column":25},"end":{"line":254,"column":71}},"type":"binary-expr","locations":[{"start":{"line":254,"column":25},"end":{"line":254,"column":36}},{"start":{"line":254,"column":40},"end":{"line":254,"column":71}}],"line":254}},"s":{"0":1,"1":1,"2":1,"3":1,"4":1,"5":1,"6":1,"7":1,"8":1,"9":1,"10":0,"11":0,"12":0,"13":0,"14":1,"15":4,"16":4,"17":0,"18":4,"19":4,"20":4,"21":4,"22":0,"23":4,"24":4,"25":4,"26":4,"27":4,"28":4,"29":4,"30":4,"31":4,"32":4,"33":0,"34":4,"35":4,"36":4,"37":4,"38":1,"39":1,"40":1,"41":3,"42":3,"43":3,"44":1,"45":2,"46":2,"47":2,"48":0,"49":2,"50":0,"51":2,"52":2,"53":0,"54":2,"55":2,"56":1,"57":1,"58":1,"59":1,"60":1,"61":1,"62":1,"63":1,"64":1,"65":0,"66":1,"67":0,"68":0,"69":0,"70":0,"71":0,"72":1,"73":1,"74":0,"75":0,"76":0,"77":0,"78":0,"79":0,"80":0,"81":0,"82":0,"83":0,"84":0,"85":0,"86":0,"87":0,"88":0,"89":0,"90":0,"91":1},"f":{"0":0,"1":4,"2":4,"3":2,"4":0,"5":0},"b":{"0":[0,4],"1":[0,4],"2":[4,4,4],"3":[0,4],"4":[1,3],"5":[1,0],"6":[1,2],"7":[3,1,1,1],"8":[0,2],"9":[0,2],"10":[0,2],"11":[1,1],"12":[1,0],"13":[0,1],"14":[1,1],"15":[1,0],"16":[0,1],"17":[0,0],"18":[0,0],"19":[1,0],"20":[1,0],"21":[0,0],"22":[0,0],"23":[0,0],"24":[0,0],"25":[0,0],"26":[0,0],"27":[0,0],"28":[0,0]},"_coverageSchema":"1a1c01bbd47fc00a2c39e90264f33305004495a9","hash":"9b02a8eda2b8b35bfd200f2e4bf2349ced0b8e6c"}
,"C:\\Users\\Yadak Linus\\Desktop\\dataapp\\api\\v1\\transactions\\electricityController.js": {"path":"C:\\Users\\Yadak Linus\\Desktop\\dataapp\\api\\v1\\transactions\\electricityController.js","statementMap":{"0":{"start":{"line":1,"column":14},"end":{"line":1,"column":28}},"1":{"start":{"line":2,"column":15},"end":{"line":2,"column":38}},"2":{"start":{"line":3,"column":23},"end":{"line":3,"column":59}},"3":{"start":{"line":4,"column":47},"end":{"line":4,"column":72}},"4":{"start":{"line":5,"column":43},"end":{"line":5,"column":66}},"5":{"start":{"line":6,"column":27},"end":{"line":6,"column":59}},"6":{"start":{"line":7,"column":15},"end":{"line":7,"column":34}},"7":{"start":{"line":11,"column":26},"end":{"line":15,"column":2}},"8":{"start":{"line":14,"column":55},"end":{"line":14,"column":118}},"9":{"start":{"line":17,"column":34},"end":{"line":23,"column":2}},"10":{"start":{"line":29,"column":23},"end":{"line":32,"column":1}},"11":{"start":{"line":30,"column":4},"end":{"line":30,"column":60}},"12":{"start":{"line":30,"column":33},"end":{"line":30,"column":60}},"13":{"start":{"line":31,"column":4},"end":{"line":31,"column":59}},"14":{"start":{"line":31,"column":35},"end":{"line":31,"column":46}},"15":{"start":{"line":34,"column":18},"end":{"line":45,"column":1}},"16":{"start":{"line":35,"column":4},"end":{"line":44,"column":5}},"17":{"start":{"line":36,"column":29},"end":{"line":36,"column":74}},"18":{"start":{"line":37,"column":8},"end":{"line":40,"column":11}},"19":{"start":{"line":42,"column":8},"end":{"line":42,"column":60}},"20":{"start":{"line":43,"column":8},"end":{"line":43,"column":91}},"21":{"start":{"line":50,"column":26},"end":{"line":73,"column":1}},"22":{"start":{"line":52,"column":23},"end":{"line":52,"column":61}},"23":{"start":{"line":56,"column":4},"end":{"line":61,"column":5}},"24":{"start":{"line":57,"column":8},"end":{"line":60,"column":11}},"25":{"start":{"line":63,"column":46},"end":{"line":63,"column":61}},"26":{"start":{"line":65,"column":4},"end":{"line":72,"column":5}},"27":{"start":{"line":66,"column":24},"end":{"line":66,"column":67}},"28":{"start":{"line":67,"column":23},"end":{"line":67,"column":84}},"29":{"start":{"line":69,"column":8},"end":{"line":69,"column":68}},"30":{"start":{"line":71,"column":8},"end":{"line":71,"column":81}},"31":{"start":{"line":78,"column":28},"end":{"line":283,"column":1}},"32":{"start":{"line":80,"column":23},"end":{"line":80,"column":68}},"33":{"start":{"line":82,"column":4},"end":{"line":87,"column":5}},"34":{"start":{"line":83,"column":8},"end":{"line":86,"column":11}},"35":{"start":{"line":89,"column":70},"end":{"line":89,"column":85}},"36":{"start":{"line":90,"column":19},"end":{"line":90,"column":30}},"37":{"start":{"line":91,"column":23},"end":{"line":91,"column":37}},"38":{"start":{"line":94,"column":4},"end":{"line":282,"column":5}},"39":{"start":{"line":96,"column":24},"end":{"line":96,"column":67}},"40":{"start":{"line":97,"column":29},"end":{"line":97,"column":90}},"41":{"start":{"line":99,"column":8},"end":{"line":104,"column":9}},"42":{"start":{"line":100,"column":12},"end":{"line":103,"column":15}},"43":{"start":{"line":107,"column":31},"end":{"line":107,"column":63}},"44":{"start":{"line":109,"column":8},"end":{"line":145,"column":9}},"45":{"start":{"line":111,"column":31},"end":{"line":117,"column":14}},"46":{"start":{"line":118,"column":12},"end":{"line":123,"column":13}},"47":{"start":{"line":119,"column":16},"end":{"line":122,"column":19}},"48":{"start":{"line":126,"column":36},"end":{"line":126,"column":64}},"49":{"start":{"line":127,"column":31},"end":{"line":137,"column":14}},"50":{"start":{"line":139,"column":12},"end":{"line":144,"column":13}},"51":{"start":{"line":140,"column":16},"end":{"line":143,"column":19}},"52":{"start":{"line":148,"column":23},"end":{"line":195,"column":10}},"53":{"start":{"line":150,"column":12},"end":{"line":150,"column":71}},"54":{"start":{"line":151,"column":12},"end":{"line":151,"column":57}},"55":{"start":{"line":151,"column":23},"end":{"line":151,"column":57}},"56":{"start":{"line":152,"column":12},"end":{"line":152,"column":113}},"57":{"start":{"line":152,"column":38},"end":{"line":152,"column":113}},"58":{"start":{"line":154,"column":31},"end":{"line":154,"column":88}},"59":{"start":{"line":155,"column":12},"end":{"line":155,"column":72}},"60":{"start":{"line":155,"column":29},"end":{"line":155,"column":72}},"61":{"start":{"line":157,"column":33},"end":{"line":166,"column":14}},"62":{"start":{"line":168,"column":12},"end":{"line":170,"column":13}},"63":{"start":{"line":169,"column":16},"end":{"line":169,"column":63}},"64":{"start":{"line":172,"column":30},"end":{"line":172,"column":55}},"65":{"start":{"line":173,"column":32},"end":{"line":192,"column":14}},"66":{"start":{"line":194,"column":12},"end":{"line":194,"column":46}},"67":{"start":{"line":198,"column":8},"end":{"line":274,"column":9}},"68":{"start":{"line":199,"column":36},"end":{"line":199,"column":79}},"69":{"start":{"line":200,"column":37},"end":{"line":207,"column":13}},"70":{"start":{"line":209,"column":12},"end":{"line":209,"column":65}},"71":{"start":{"line":211,"column":32},"end":{"line":211,"column":114}},"72":{"start":{"line":213,"column":12},"end":{"line":226,"column":15}},"73":{"start":{"line":228,"column":12},"end":{"line":234,"column":13}},"74":{"start":{"line":229,"column":16},"end":{"line":233,"column":19}},"75":{"start":{"line":236,"column":12},"end":{"line":243,"column":15}},"76":{"start":{"line":246,"column":12},"end":{"line":253,"column":13}},"77":{"start":{"line":247,"column":16},"end":{"line":247,"column":106}},"78":{"start":{"line":248,"column":16},"end":{"line":252,"column":19}},"79":{"start":{"line":256,"column":12},"end":{"line":268,"column":15}},"80":{"start":{"line":270,"column":12},"end":{"line":273,"column":15}},"81":{"start":{"line":277,"column":8},"end":{"line":277,"column":68}},"82":{"start":{"line":278,"column":8},"end":{"line":281,"column":11}},"83":{"start":{"line":285,"column":0},"end":{"line":285,"column":71}}},"fnMap":{"0":{"name":"(anonymous_0)","decl":{"start":{"line":14,"column":48},"end":{"line":14,"column":49}},"loc":{"start":{"line":14,"column":55},"end":{"line":14,"column":118}},"line":14},"1":{"name":"(anonymous_1)","decl":{"start":{"line":29,"column":23},"end":{"line":29,"column":24}},"loc":{"start":{"line":29,"column":34},"end":{"line":32,"column":1}},"line":29},"2":{"name":"(anonymous_2)","decl":{"start":{"line":31,"column":28},"end":{"line":31,"column":29}},"loc":{"start":{"line":31,"column":35},"end":{"line":31,"column":46}},"line":31},"3":{"name":"(anonymous_3)","decl":{"start":{"line":34,"column":18},"end":{"line":34,"column":19}},"loc":{"start":{"line":34,"column":38},"end":{"line":45,"column":1}},"line":34},"4":{"name":"(anonymous_4)","decl":{"start":{"line":50,"column":26},"end":{"line":50,"column":27}},"loc":{"start":{"line":50,"column":46},"end":{"line":73,"column":1}},"line":50},"5":{"name":"(anonymous_5)","decl":{"start":{"line":78,"column":28},"end":{"line":78,"column":29}},"loc":{"start":{"line":78,"column":48},"end":{"line":283,"column":1}},"line":78},"6":{"name":"(anonymous_6)","decl":{"start":{"line":148,"column":49},"end":{"line":148,"column":50}},"loc":{"start":{"line":148,"column":63},"end":{"line":195,"column":9}},"line":148}},"branchMap":{"0":{"loc":{"start":{"line":30,"column":4},"end":{"line":30,"column":60}},"type":"if","locations":[{"start":{"line":30,"column":4},"end":{"line":30,"column":60}},{"start":{},"end":{}}],"line":30},"1":{"loc":{"start":{"line":30,"column":8},"end":{"line":30,"column":31}},"type":"binary-expr","locations":[{"start":{"line":30,"column":8},"end":{"line":30,"column":14}},{"start":{"line":30,"column":18},"end":{"line":30,"column":31}}],"line":30},"2":{"loc":{"start":{"line":56,"column":4},"end":{"line":61,"column":5}},"type":"if","locations":[{"start":{"line":56,"column":4},"end":{"line":61,"column":5}},{"start":{},"end":{}}],"line":56},"3":{"loc":{"start":{"line":66,"column":24},"end":{"line":66,"column":67}},"type":"cond-expr","locations":[{"start":{"line":66,"column":45},"end":{"line":66,"column":54}},{"start":{"line":66,"column":57},"end":{"line":66,"column":67}}],"line":66},"4":{"loc":{"start":{"line":82,"column":4},"end":{"line":87,"column":5}},"type":"if","locations":[{"start":{"line":82,"column":4},"end":{"line":87,"column":5}},{"start":{},"end":{}}],"line":82},"5":{"loc":{"start":{"line":96,"column":24},"end":{"line":96,"column":67}},"type":"cond-expr","locations":[{"start":{"line":96,"column":45},"end":{"line":96,"column":54}},{"start":{"line":96,"column":57},"end":{"line":96,"column":67}}],"line":96},"6":{"loc":{"start":{"line":99,"column":8},"end":{"line":104,"column":9}},"type":"if","locations":[{"start":{"line":99,"column":8},"end":{"line":104,"column":9}},{"start":{},"end":{}}],"line":99},"7":{"loc":{"start":{"line":109,"column":8},"end":{"line":145,"column":9}},"type":"if","locations":[{"start":{"line":109,"column":8},"end":{"line":145,"column":9}},{"start":{"line":124,"column":15},"end":{"line":145,"column":9}}],"line":109},"8":{"loc":{"start":{"line":118,"column":12},"end":{"line":123,"column":13}},"type":"if","locations":[{"start":{"line":118,"column":12},"end":{"line":123,"column":13}},{"start":{},"end":{}}],"line":118},"9":{"loc":{"start":{"line":139,"column":12},"end":{"line":144,"column":13}},"type":"if","locations":[{"start":{"line":139,"column":12},"end":{"line":144,"column":13}},{"start":{},"end":{}}],"line":139},"10":{"loc":{"start":{"line":139,"column":16},"end":{"line":139,"column":96}},"type":"binary-expr","locations":[{"start":{"line":139,"column":16},"end":{"line":139,"column":26}},{"start":{"line":139,"column":30},"end":{"line":139,"column":49}},{"start":{"line":139,"column":53},"end":{"line":139,"column":96}}],"line":139},"11":{"loc":{"start":{"line":151,"column":12},"end":{"line":151,"column":57}},"type":"if","locations":[{"start":{"line":151,"column":12},"end":{"line":151,"column":57}},{"start":{},"end":{}}],"line":151},"12":{"loc":{"start":{"line":152,"column":12},"end":{"line":152,"column":113}},"type":"if","locations":[{"start":{"line":152,"column":12},"end":{"line":152,"column":113}},{"start":{},"end":{}}],"line":152},"13":{"loc":{"start":{"line":155,"column":12},"end":{"line":155,"column":72}},"type":"if","locations":[{"start":{"line":155,"column":12},"end":{"line":155,"column":72}},{"start":{},"end":{}}],"line":155},"14":{"loc":{"start":{"line":168,"column":12},"end":{"line":170,"column":13}},"type":"if","locations":[{"start":{"line":168,"column":12},"end":{"line":170,"column":13}},{"start":{},"end":{}}],"line":168},"15":{"loc":{"start":{"line":189,"column":28},"end":{"line":189,"column":64}},"type":"binary-expr","locations":[{"start":{"line":189,"column":28},"end":{"line":189,"column":42}},{"start":{"line":189,"column":46},"end":{"line":189,"column":64}}],"line":189},"16":{"loc":{"start":{"line":199,"column":36},"end":{"line":199,"column":79}},"type":"cond-expr","locations":[{"start":{"line":199,"column":57},"end":{"line":199,"column":66}},{"start":{"line":199,"column":69},"end":{"line":199,"column":79}}],"line":199},"17":{"loc":{"start":{"line":211,"column":32},"end":{"line":211,"column":114}},"type":"cond-expr","locations":[{"start":{"line":211,"column":61},"end":{"line":211,"column":86}},{"start":{"line":211,"column":89},"end":{"line":211,"column":114}}],"line":211},"18":{"loc":{"start":{"line":218,"column":36},"end":{"line":218,"column":97}},"type":"binary-expr","locations":[{"start":{"line":218,"column":36},"end":{"line":218,"column":59}},{"start":{"line":218,"column":63},"end":{"line":218,"column":97}}],"line":218},"19":{"loc":{"start":{"line":222,"column":31},"end":{"line":222,"column":84}},"type":"binary-expr","locations":[{"start":{"line":222,"column":31},"end":{"line":222,"column":53}},{"start":{"line":222,"column":57},"end":{"line":222,"column":84}}],"line":222},"20":{"loc":{"start":{"line":223,"column":31},"end":{"line":223,"column":88}},"type":"binary-expr","locations":[{"start":{"line":223,"column":31},"end":{"line":223,"column":53}},{"start":{"line":223,"column":57},"end":{"line":223,"column":88}}],"line":223},"21":{"loc":{"start":{"line":228,"column":12},"end":{"line":234,"column":13}},"type":"if","locations":[{"start":{"line":228,"column":12},"end":{"line":234,"column":13}},{"start":{},"end":{}}],"line":228},"22":{"loc":{"start":{"line":239,"column":23},"end":{"line":239,"column":76}},"type":"binary-expr","locations":[{"start":{"line":239,"column":23},"end":{"line":239,"column":45}},{"start":{"line":239,"column":49},"end":{"line":239,"column":76}}],"line":239},"23":{"loc":{"start":{"line":246,"column":12},"end":{"line":253,"column":13}},"type":"if","locations":[{"start":{"line":246,"column":12},"end":{"line":253,"column":13}},{"start":{},"end":{}}],"line":246},"24":{"loc":{"start":{"line":272,"column":25},"end":{"line":272,"column":93}},"type":"binary-expr","locations":[{"start":{"line":272,"column":25},"end":{"line":272,"column":41}},{"start":{"line":272,"column":45},"end":{"line":272,"column":93}}],"line":272},"25":{"loc":{"start":{"line":278,"column":26},"end":{"line":278,"column":85}},"type":"cond-expr","locations":[{"start":{"line":278,"column":76},"end":{"line":278,"column":79}},{"start":{"line":278,"column":82},"end":{"line":278,"column":85}}],"line":278},"26":{"loc":{"start":{"line":280,"column":21},"end":{"line":280,"column":61}},"type":"binary-expr","locations":[{"start":{"line":280,"column":21},"end":{"line":280,"column":34}},{"start":{"line":280,"column":38},"end":{"line":280,"column":61}}],"line":280}},"s":{"0":1,"1":1,"2":1,"3":1,"4":1,"5":1,"6":1,"7":1,"8":0,"9":1,"10":1,"11":0,"12":0,"13":0,"14":0,"15":1,"16":0,"17":0,"18":0,"19":0,"20":0,"21":1,"22":0,"23":0,"24":0,"25":0,"26":0,"27":0,"28":0,"29":0,"30":0,"31":1,"32":3,"33":3,"34":0,"35":3,"36":3,"37":3,"38":3,"39":3,"40":3,"41":3,"42":1,"43":2,"44":2,"45":1,"46":1,"47":1,"48":1,"49":1,"50":1,"51":0,"52":1,"53":1,"54":1,"55":0,"56":1,"57":0,"58":1,"59":1,"60":0,"61":1,"62":1,"63":0,"64":1,"65":1,"66":1,"67":1,"68":1,"69":1,"70":1,"71":1,"72":1,"73":1,"74":0,"75":1,"76":0,"77":0,"78":0,"79":0,"80":0,"81":0,"82":0,"83":1},"f":{"0":0,"1":0,"2":0,"3":0,"4":0,"5":3,"6":1},"b":{"0":[0,0],"1":[0,0],"2":[0,0],"3":[0,0],"4":[0,3],"5":[3,0],"6":[1,2],"7":[1,1],"8":[1,0],"9":[0,1],"10":[1,0,0],"11":[0,1],"12":[0,1],"13":[0,1],"14":[0,1],"15":[1,0],"16":[1,0],"17":[0,1],"18":[1,0],"19":[1,0],"20":[1,0],"21":[0,1],"22":[1,0],"23":[0,0],"24":[0,0],"25":[0,0],"26":[0,0]},"_coverageSchema":"1a1c01bbd47fc00a2c39e90264f33305004495a9","hash":"5c69b2e0bff23bb884f521b71c03007623de4e67"}
,"C:\\Users\\Yadak Linus\\Desktop\\dataapp\\api\\v1\\transactions\\pinController.js": {"path":"C:\\Users\\Yadak Linus\\Desktop\\dataapp\\api\\v1\\transactions\\pinController.js","statementMap":{"0":{"start":{"line":1,"column":15},"end":{"line":1,"column":38}},"1":{"start":{"line":2,"column":20},"end":{"line":2,"column":53}},"2":{"start":{"line":3,"column":47},"end":{"line":3,"column":72}},"3":{"start":{"line":4,"column":14},"end":{"line":4,"column":28}},"4":{"start":{"line":5,"column":43},"end":{"line":5,"column":66}},"5":{"start":{"line":6,"column":27},"end":{"line":6,"column":59}},"6":{"start":{"line":13,"column":26},"end":{"line":17,"column":2}},"7":{"start":{"line":18,"column":18},"end":{"line":182,"column":1}},"8":{"start":{"line":19,"column":19},"end":{"line":19,"column":56}},"9":{"start":{"line":20,"column":4},"end":{"line":22,"column":5}},"10":{"start":{"line":21,"column":8},"end":{"line":21,"column":98}},"11":{"start":{"line":24,"column":41},"end":{"line":24,"column":52}},"12":{"start":{"line":25,"column":19},"end":{"line":25,"column":30}},"13":{"start":{"line":27,"column":4},"end":{"line":29,"column":5}},"14":{"start":{"line":28,"column":8},"end":{"line":28,"column":111}},"15":{"start":{"line":31,"column":16},"end":{"line":31,"column":34}},"16":{"start":{"line":32,"column":22},"end":{"line":32,"column":37}},"17":{"start":{"line":33,"column":22},"end":{"line":33,"column":37}},"18":{"start":{"line":35,"column":4},"end":{"line":37,"column":5}},"19":{"start":{"line":36,"column":8},"end":{"line":36,"column":104}},"20":{"start":{"line":38,"column":4},"end":{"line":40,"column":5}},"21":{"start":{"line":39,"column":8},"end":{"line":39,"column":100}},"22":{"start":{"line":43,"column":4},"end":{"line":181,"column":5}},"23":{"start":{"line":44,"column":26},"end":{"line":44,"column":41}},"24":{"start":{"line":47,"column":31},"end":{"line":47,"column":63}},"25":{"start":{"line":49,"column":8},"end":{"line":85,"column":9}},"26":{"start":{"line":51,"column":31},"end":{"line":57,"column":14}},"27":{"start":{"line":58,"column":12},"end":{"line":63,"column":13}},"28":{"start":{"line":59,"column":16},"end":{"line":62,"column":19}},"29":{"start":{"line":66,"column":36},"end":{"line":66,"column":64}},"30":{"start":{"line":67,"column":31},"end":{"line":77,"column":14}},"31":{"start":{"line":79,"column":12},"end":{"line":84,"column":13}},"32":{"start":{"line":80,"column":16},"end":{"line":83,"column":19}},"33":{"start":{"line":87,"column":23},"end":{"line":121,"column":10}},"34":{"start":{"line":88,"column":27},"end":{"line":88,"column":76}},"35":{"start":{"line":90,"column":12},"end":{"line":92,"column":13}},"36":{"start":{"line":91,"column":16},"end":{"line":91,"column":63}},"37":{"start":{"line":94,"column":30},"end":{"line":94,"column":54}},"38":{"start":{"line":95,"column":32},"end":{"line":109,"column":14}},"39":{"start":{"line":112,"column":12},"end":{"line":118,"column":15}},"40":{"start":{"line":120,"column":12},"end":{"line":120,"column":46}},"41":{"start":{"line":123,"column":8},"end":{"line":174,"column":9}},"42":{"start":{"line":124,"column":37},"end":{"line":124,"column":101}},"43":{"start":{"line":126,"column":12},"end":{"line":126,"column":41}},"44":{"start":{"line":128,"column":31},"end":{"line":137,"column":15}},"45":{"start":{"line":128,"column":63},"end":{"line":137,"column":13}},"46":{"start":{"line":139,"column":12},"end":{"line":139,"column":70}},"47":{"start":{"line":141,"column":12},"end":{"line":144,"column":15}},"48":{"start":{"line":146,"column":12},"end":{"line":146,"column":98}},"49":{"start":{"line":150,"column":12},"end":{"line":157,"column":13}},"50":{"start":{"line":151,"column":16},"end":{"line":151,"column":106}},"51":{"start":{"line":152,"column":16},"end":{"line":156,"column":19}},"52":{"start":{"line":159,"column":12},"end":{"line":171,"column":15}},"53":{"start":{"line":173,"column":12},"end":{"line":173,"column":107}},"54":{"start":{"line":177,"column":8},"end":{"line":180,"column":11}},"55":{"start":{"line":184,"column":27},"end":{"line":208,"column":1}},"56":{"start":{"line":185,"column":26},"end":{"line":185,"column":36}},"57":{"start":{"line":186,"column":19},"end":{"line":186,"column":30}},"58":{"start":{"line":188,"column":4},"end":{"line":207,"column":5}},"59":{"start":{"line":189,"column":28},"end":{"line":192,"column":10}},"60":{"start":{"line":194,"column":8},"end":{"line":196,"column":9}},"61":{"start":{"line":195,"column":12},"end":{"line":195,"column":95}},"62":{"start":{"line":198,"column":8},"end":{"line":204,"column":11}},"63":{"start":{"line":206,"column":8},"end":{"line":206,"column":91}},"64":{"start":{"line":211,"column":26},"end":{"line":250,"column":1}},"65":{"start":{"line":212,"column":4},"end":{"line":249,"column":5}},"66":{"start":{"line":213,"column":23},"end":{"line":213,"column":34}},"67":{"start":{"line":214,"column":21},"end":{"line":214,"column":63}},"68":{"start":{"line":215,"column":22},"end":{"line":215,"column":68}},"69":{"start":{"line":216,"column":21},"end":{"line":216,"column":39}},"70":{"start":{"line":218,"column":32},"end":{"line":234,"column":10}},"71":{"start":{"line":236,"column":8},"end":{"line":245,"column":11}},"72":{"start":{"line":247,"column":8},"end":{"line":247,"column":69}},"73":{"start":{"line":248,"column":8},"end":{"line":248,"column":102}},"74":{"start":{"line":254,"column":0},"end":{"line":254,"column":70}}},"fnMap":{"0":{"name":"(anonymous_0)","decl":{"start":{"line":18,"column":18},"end":{"line":18,"column":19}},"loc":{"start":{"line":18,"column":38},"end":{"line":182,"column":1}},"line":18},"1":{"name":"(anonymous_1)","decl":{"start":{"line":87,"column":49},"end":{"line":87,"column":50}},"loc":{"start":{"line":87,"column":63},"end":{"line":121,"column":9}},"line":87},"2":{"name":"(anonymous_2)","decl":{"start":{"line":128,"column":57},"end":{"line":128,"column":58}},"loc":{"start":{"line":128,"column":63},"end":{"line":137,"column":13}},"line":128},"3":{"name":"(anonymous_3)","decl":{"start":{"line":184,"column":27},"end":{"line":184,"column":28}},"loc":{"start":{"line":184,"column":47},"end":{"line":208,"column":1}},"line":184},"4":{"name":"(anonymous_4)","decl":{"start":{"line":211,"column":26},"end":{"line":211,"column":27}},"loc":{"start":{"line":211,"column":46},"end":{"line":250,"column":1}},"line":211}},"branchMap":{"0":{"loc":{"start":{"line":20,"column":4},"end":{"line":22,"column":5}},"type":"if","locations":[{"start":{"line":20,"column":4},"end":{"line":22,"column":5}},{"start":{},"end":{}}],"line":20},"1":{"loc":{"start":{"line":27,"column":4},"end":{"line":29,"column":5}},"type":"if","locations":[{"start":{"line":27,"column":4},"end":{"line":29,"column":5}},{"start":{},"end":{}}],"line":27},"2":{"loc":{"start":{"line":27,"column":8},"end":{"line":27,"column":39}},"type":"binary-expr","locations":[{"start":{"line":27,"column":8},"end":{"line":27,"column":16}},{"start":{"line":27,"column":20},"end":{"line":27,"column":26}},{"start":{"line":27,"column":30},"end":{"line":27,"column":39}}],"line":27},"3":{"loc":{"start":{"line":35,"column":4},"end":{"line":37,"column":5}},"type":"if","locations":[{"start":{"line":35,"column":4},"end":{"line":37,"column":5}},{"start":{},"end":{}}],"line":35},"4":{"loc":{"start":{"line":35,"column":8},"end":{"line":35,"column":42}},"type":"binary-expr","locations":[{"start":{"line":35,"column":8},"end":{"line":35,"column":18}},{"start":{"line":35,"column":22},"end":{"line":35,"column":29}},{"start":{"line":35,"column":33},"end":{"line":35,"column":42}}],"line":35},"5":{"loc":{"start":{"line":38,"column":4},"end":{"line":40,"column":5}},"type":"if","locations":[{"start":{"line":38,"column":4},"end":{"line":40,"column":5}},{"start":{},"end":{}}],"line":38},"6":{"loc":{"start":{"line":49,"column":8},"end":{"line":85,"column":9}},"type":"if","locations":[{"start":{"line":49,"column":8},"end":{"line":85,"column":9}},{"start":{"line":64,"column":15},"end":{"line":85,"column":9}}],"line":49},"7":{"loc":{"start":{"line":58,"column":12},"end":{"line":63,"column":13}},"type":"if","locations":[{"start":{"line":58,"column":12},"end":{"line":63,"column":13}},{"start":{},"end":{}}],"line":58},"8":{"loc":{"start":{"line":79,"column":12},"end":{"line":84,"column":13}},"type":"if","locations":[{"start":{"line":79,"column":12},"end":{"line":84,"column":13}},{"start":{},"end":{}}],"line":79},"9":{"loc":{"start":{"line":79,"column":16},"end":{"line":79,"column":136}},"type":"binary-expr","locations":[{"start":{"line":79,"column":16},"end":{"line":79,"column":26}},{"start":{"line":79,"column":30},"end":{"line":79,"column":49}},{"start":{"line":79,"column":53},"end":{"line":79,"column":96}},{"start":{"line":79,"column":100},"end":{"line":79,"column":136}}],"line":79},"10":{"loc":{"start":{"line":90,"column":12},"end":{"line":92,"column":13}},"type":"if","locations":[{"start":{"line":90,"column":12},"end":{"line":92,"column":13}},{"start":{},"end":{}}],"line":90},"11":{"loc":{"start":{"line":90,"column":16},"end":{"line":90,"column":61}},"type":"binary-expr","locations":[{"start":{"line":90,"column":16},"end":{"line":90,"column":23}},{"start":{"line":90,"column":27},"end":{"line":90,"column":61}}],"line":90},"12":{"loc":{"start":{"line":106,"column":28},"end":{"line":106,"column":64}},"type":"binary-expr","locations":[{"start":{"line":106,"column":28},"end":{"line":106,"column":42}},{"start":{"line":106,"column":46},"end":{"line":106,"column":64}}],"line":106},"13":{"loc":{"start":{"line":130,"column":25},"end":{"line":130,"column":100}},"type":"cond-expr","locations":[{"start":{"line":130,"column":63},"end":{"line":130,"column":76}},{"start":{"line":130,"column":79},"end":{"line":130,"column":100}}],"line":130},"14":{"loc":{"start":{"line":150,"column":12},"end":{"line":157,"column":13}},"type":"if","locations":[{"start":{"line":150,"column":12},"end":{"line":157,"column":13}},{"start":{},"end":{}}],"line":150},"15":{"loc":{"start":{"line":177,"column":26},"end":{"line":177,"column":85}},"type":"cond-expr","locations":[{"start":{"line":177,"column":76},"end":{"line":177,"column":79}},{"start":{"line":177,"column":82},"end":{"line":177,"column":85}}],"line":177},"16":{"loc":{"start":{"line":179,"column":21},"end":{"line":179,"column":61}},"type":"binary-expr","locations":[{"start":{"line":179,"column":21},"end":{"line":179,"column":34}},{"start":{"line":179,"column":38},"end":{"line":179,"column":61}}],"line":179},"17":{"loc":{"start":{"line":194,"column":8},"end":{"line":196,"column":9}},"type":"if","locations":[{"start":{"line":194,"column":8},"end":{"line":196,"column":9}},{"start":{},"end":{}}],"line":194},"18":{"loc":{"start":{"line":194,"column":12},"end":{"line":194,"column":57}},"type":"binary-expr","locations":[{"start":{"line":194,"column":12},"end":{"line":194,"column":24}},{"start":{"line":194,"column":28},"end":{"line":194,"column":57}}],"line":194},"19":{"loc":{"start":{"line":214,"column":33},"end":{"line":214,"column":62}},"type":"binary-expr","locations":[{"start":{"line":214,"column":33},"end":{"line":214,"column":57}},{"start":{"line":214,"column":61},"end":{"line":214,"column":62}}],"line":214},"20":{"loc":{"start":{"line":215,"column":36},"end":{"line":215,"column":67}},"type":"binary-expr","locations":[{"start":{"line":215,"column":36},"end":{"line":215,"column":61}},{"start":{"line":215,"column":65},"end":{"line":215,"column":67}}],"line":215}},"s":{"0":1,"1":1,"2":1,"3":1,"4":1,"5":1,"6":1,"7":1,"8":3,"9":3,"10":1,"11":2,"12":2,"13":2,"14":0,"15":2,"16":2,"17":2,"18":2,"19":0,"20":2,"21":0,"22":2,"23":2,"24":2,"25":2,"26":0,"27":0,"28":0,"29":2,"30":2,"31":2,"32":0,"33":2,"34":2,"35":2,"36":1,"37":1,"38":1,"39":1,"40":1,"41":1,"42":1,"43":1,"44":1,"45":5,"46":1,"47":1,"48":1,"49":0,"50":0,"51":0,"52":0,"53":0,"54":1,"55":1,"56":0,"57":0,"58":0,"59":0,"60":0,"61":0,"62":0,"63":0,"64":1,"65":0,"66":0,"67":0,"68":0,"69":0,"70":0,"71":0,"72":0,"73":0,"74":1},"f":{"0":3,"1":2,"2":5,"3":0,"4":0},"b":{"0":[1,2],"1":[0,2],"2":[2,2,2],"3":[0,2],"4":[2,2,2],"5":[0,2],"6":[0,2],"7":[0,0],"8":[0,2],"9":[2,0,0,0],"10":[1,1],"11":[2,2],"12":[1,0],"13":[0,5],"14":[0,0],"15":[1,0],"16":[1,0],"17":[0,0],"18":[0,0],"19":[0,0],"20":[0,0]},"_coverageSchema":"1a1c01bbd47fc00a2c39e90264f33305004495a9","hash":"045a3b59391ed295c1ec126a17948c3a0103860f"}
,"C:\\Users\\Yadak Linus\\Desktop\\dataapp\\lib\\crypto.js": {"path":"C:\\Users\\Yadak Linus\\Desktop\\dataapp\\lib\\crypto.js","statementMap":{"0":{"start":{"line":1,"column":15},"end":{"line":1,"column":32}},"1":{"start":{"line":4,"column":23},"end":{"line":4,"column":49}},"2":{"start":{"line":5,"column":18},"end":{"line":5,"column":31}},"3":{"start":{"line":6,"column":18},"end":{"line":6,"column":20}},"4":{"start":{"line":7,"column":24},"end":{"line":7,"column":26}},"5":{"start":{"line":9,"column":0},"end":{"line":12,"column":1}},"6":{"start":{"line":10,"column":4},"end":{"line":10,"column":62}},"7":{"start":{"line":11,"column":4},"end":{"line":11,"column":20}},"8":{"start":{"line":14,"column":0},"end":{"line":17,"column":1}},"9":{"start":{"line":15,"column":4},"end":{"line":15,"column":112}},"10":{"start":{"line":16,"column":4},"end":{"line":16,"column":20}},"11":{"start":{"line":26,"column":4},"end":{"line":26,"column":27}},"12":{"start":{"line":26,"column":15},"end":{"line":26,"column":27}},"13":{"start":{"line":28,"column":15},"end":{"line":28,"column":44}},"14":{"start":{"line":29,"column":19},"end":{"line":29,"column":84}},"15":{"start":{"line":31,"column":20},"end":{"line":31,"column":54}},"16":{"start":{"line":32,"column":4},"end":{"line":32,"column":37}},"17":{"start":{"line":34,"column":20},"end":{"line":34,"column":55}},"18":{"start":{"line":37,"column":4},"end":{"line":37,"column":59}},"19":{"start":{"line":44,"column":4},"end":{"line":44,"column":36}},"20":{"start":{"line":44,"column":24},"end":{"line":44,"column":36}},"21":{"start":{"line":46,"column":4},"end":{"line":62,"column":5}},"22":{"start":{"line":47,"column":54},"end":{"line":47,"column":78}},"23":{"start":{"line":49,"column":19},"end":{"line":49,"column":44}},"24":{"start":{"line":50,"column":24},"end":{"line":50,"column":54}},"25":{"start":{"line":51,"column":25},"end":{"line":51,"column":92}},"26":{"start":{"line":53,"column":8},"end":{"line":53,"column":37}},"27":{"start":{"line":55,"column":24},"end":{"line":55,"column":72}},"28":{"start":{"line":56,"column":8},"end":{"line":56,"column":44}},"29":{"start":{"line":58,"column":8},"end":{"line":58,"column":25}},"30":{"start":{"line":60,"column":8},"end":{"line":60,"column":59}},"31":{"start":{"line":61,"column":8},"end":{"line":61,"column":20}},"32":{"start":{"line":67,"column":20},"end":{"line":70,"column":1}},"33":{"start":{"line":68,"column":19},"end":{"line":68,"column":63}},"34":{"start":{"line":69,"column":4},"end":{"line":69,"column":47}},"35":{"start":{"line":76,"column":26},"end":{"line":99,"column":1}},"36":{"start":{"line":77,"column":14},"end":{"line":77,"column":24}},"37":{"start":{"line":78,"column":22},"end":{"line":86,"column":6}},"38":{"start":{"line":88,"column":18},"end":{"line":88,"column":44}},"39":{"start":{"line":89,"column":14},"end":{"line":89,"column":16}},"40":{"start":{"line":90,"column":4},"end":{"line":90,"column":45}},"41":{"start":{"line":90,"column":25},"end":{"line":90,"column":45}},"42":{"start":{"line":93,"column":15},"end":{"line":93,"column":46}},"43":{"start":{"line":95,"column":23},"end":{"line":95,"column":70}},"44":{"start":{"line":96,"column":19},"end":{"line":96,"column":56}},"45":{"start":{"line":98,"column":4},"end":{"line":98,"column":45}},"46":{"start":{"line":101,"column":0},"end":{"line":101,"column":70}}},"fnMap":{"0":{"name":"encrypt","decl":{"start":{"line":25,"column":9},"end":{"line":25,"column":16}},"loc":{"start":{"line":25,"column":23},"end":{"line":38,"column":1}},"line":25},"1":{"name":"decrypt","decl":{"start":{"line":43,"column":9},"end":{"line":43,"column":16}},"loc":{"start":{"line":43,"column":32},"end":{"line":63,"column":1}},"line":43},"2":{"name":"(anonymous_2)","decl":{"start":{"line":67,"column":20},"end":{"line":67,"column":21}},"loc":{"start":{"line":67,"column":32},"end":{"line":70,"column":1}},"line":67},"3":{"name":"(anonymous_3)","decl":{"start":{"line":76,"column":26},"end":{"line":76,"column":27}},"loc":{"start":{"line":76,"column":43},"end":{"line":99,"column":1}},"line":76}},"branchMap":{"0":{"loc":{"start":{"line":9,"column":0},"end":{"line":12,"column":1}},"type":"if","locations":[{"start":{"line":9,"column":0},"end":{"line":12,"column":1}},{"start":{},"end":{}}],"line":9},"1":{"loc":{"start":{"line":14,"column":0},"end":{"line":17,"column":1}},"type":"if","locations":[{"start":{"line":14,"column":0},"end":{"line":17,"column":1}},{"start":{},"end":{}}],"line":14},"2":{"loc":{"start":{"line":26,"column":4},"end":{"line":26,"column":27}},"type":"if","locations":[{"start":{"line":26,"column":4},"end":{"line":26,"column":27}},{"start":{},"end":{}}],"line":26},"3":{"loc":{"start":{"line":44,"column":4},"end":{"line":44,"column":36}},"type":"if","locations":[{"start":{"line":44,"column":4},"end":{"line":44,"column":36}},{"start":{},"end":{}}],"line":44},"4":{"loc":{"start":{"line":76,"column":27},"end":{"line":76,"column":38}},"type":"default-arg","locations":[{"start":{"line":76,"column":36},"end":{"line":76,"column":38}}],"line":76},"5":{"loc":{"start":{"line":93,"column":15},"end":{"line":93,"column":46}},"type":"cond-expr","locations":[{"start":{"line":93,"column":33},"end":{"line":93,"column":37}},{"start":{"line":93,"column":40},"end":{"line":93,"column":46}}],"line":93}},"s":{"0":5,"1":5,"2":5,"3":5,"4":5,"5":5,"6":0,"7":0,"8":5,"9":0,"10":0,"11":0,"12":0,"13":0,"14":0,"15":0,"16":0,"17":0,"18":0,"19":0,"20":0,"21":0,"22":0,"23":0,"24":0,"25":0,"26":0,"27":0,"28":0,"29":0,"30":0,"31":0,"32":5,"33":0,"34":0,"35":5,"36":5,"37":5,"38":5,"39":5,"40":5,"41":45,"42":5,"43":5,"44":5,"45":5,"46":5},"f":{"0":0,"1":0,"2":0,"3":5},"b":{"0":[0,5],"1":[0,5],"2":[0,0],"3":[0,0],"4":[0],"5":[0,5]},"_coverageSchema":"1a1c01bbd47fc00a2c39e90264f33305004495a9","hash":"ab9c9d37cb72379874101f0ead162143d04b4282"}
,"C:\\Users\\Yadak Linus\\Desktop\\dataapp\\lib\\financialSafety.js": {"path":"C:\\Users\\Yadak Linus\\Desktop\\dataapp\\lib\\financialSafety.js","statementMap":{"0":{"start":{"line":10,"column":23},"end":{"line":25,"column":1}},"1":{"start":{"line":12,"column":25},"end":{"line":12,"column":96}},"2":{"start":{"line":14,"column":4},"end":{"line":16,"column":5}},"3":{"start":{"line":15,"column":8},"end":{"line":15,"column":20}},"4":{"start":{"line":19,"column":20},"end":{"line":19,"column":54}},"5":{"start":{"line":20,"column":4},"end":{"line":22,"column":5}},"6":{"start":{"line":21,"column":8},"end":{"line":21,"column":20}},"7":{"start":{"line":24,"column":4},"end":{"line":24,"column":17}},"8":{"start":{"line":27,"column":0},"end":{"line":27,"column":36}}},"fnMap":{"0":{"name":"(anonymous_0)","decl":{"start":{"line":10,"column":23},"end":{"line":10,"column":24}},"loc":{"start":{"line":10,"column":34},"end":{"line":25,"column":1}},"line":10}},"branchMap":{"0":{"loc":{"start":{"line":14,"column":4},"end":{"line":16,"column":5}},"type":"if","locations":[{"start":{"line":14,"column":4},"end":{"line":16,"column":5}},{"start":{},"end":{}}],"line":14},"1":{"loc":{"start":{"line":14,"column":8},"end":{"line":14,"column":55}},"type":"binary-expr","locations":[{"start":{"line":14,"column":8},"end":{"line":14,"column":18}},{"start":{"line":14,"column":22},"end":{"line":14,"column":55}}],"line":14},"2":{"loc":{"start":{"line":19,"column":20},"end":{"line":19,"column":54}},"type":"binary-expr","locations":[{"start":{"line":19,"column":20},"end":{"line":19,"column":48}},{"start":{"line":19,"column":52},"end":{"line":19,"column":54}}],"line":19},"3":{"loc":{"start":{"line":20,"column":4},"end":{"line":22,"column":5}},"type":"if","locations":[{"start":{"line":20,"column":4},"end":{"line":22,"column":5}},{"start":{},"end":{}}],"line":20},"4":{"loc":{"start":{"line":20,"column":8},"end":{"line":20,"column":108}},"type":"binary-expr","locations":[{"start":{"line":20,"column":8},"end":{"line":20,"column":35}},{"start":{"line":20,"column":39},"end":{"line":20,"column":72}},{"start":{"line":20,"column":76},"end":{"line":20,"column":108}}],"line":20}},"s":{"0":5,"1":0,"2":0,"3":0,"4":0,"5":0,"6":0,"7":0,"8":5},"f":{"0":0},"b":{"0":[0,0],"1":[0,0],"2":[0,0],"3":[0,0],"4":[0,0,0]},"_coverageSchema":"1a1c01bbd47fc00a2c39e90264f33305004495a9","hash":"11abbbb9a5eea88ad54a03cb6f80a5c7b78563f0"}
,"C:\\Users\\Yadak Linus\\Desktop\\dataapp\\lib\\networkValidator.js": {"path":"C:\\Users\\Yadak Linus\\Desktop\\dataapp\\lib\\networkValidator.js","statementMap":{"0":{"start":{"line":6,"column":25},"end":{"line":11,"column":1}},"1":{"start":{"line":16,"column":29},"end":{"line":24,"column":1}},"2":{"start":{"line":17,"column":18},"end":{"line":17,"column":42}},"3":{"start":{"line":18,"column":4},"end":{"line":22,"column":5}},"4":{"start":{"line":19,"column":8},"end":{"line":19,"column":41}},"5":{"start":{"line":20,"column":11},"end":{"line":22,"column":5}},"6":{"start":{"line":21,"column":8},"end":{"line":21,"column":32}},"7":{"start":{"line":23,"column":4},"end":{"line":23,"column":19}},"8":{"start":{"line":30,"column":29},"end":{"line":39,"column":1}},"9":{"start":{"line":31,"column":23},"end":{"line":31,"column":50}},"10":{"start":{"line":32,"column":23},"end":{"line":32,"column":44}},"11":{"start":{"line":33,"column":21},"end":{"line":33,"column":49}},"12":{"start":{"line":35,"column":4},"end":{"line":35,"column":31}},"13":{"start":{"line":35,"column":19},"end":{"line":35,"column":31}},"14":{"start":{"line":38,"column":4},"end":{"line":38,"column":66}},"15":{"start":{"line":38,"column":35},"end":{"line":38,"column":64}},"16":{"start":{"line":41,"column":0},"end":{"line":41,"column":64}}},"fnMap":{"0":{"name":"(anonymous_0)","decl":{"start":{"line":16,"column":29},"end":{"line":16,"column":30}},"loc":{"start":{"line":16,"column":40},"end":{"line":24,"column":1}},"line":16},"1":{"name":"(anonymous_1)","decl":{"start":{"line":30,"column":29},"end":{"line":30,"column":30}},"loc":{"start":{"line":30,"column":49},"end":{"line":39,"column":1}},"line":30},"2":{"name":"(anonymous_2)","decl":{"start":{"line":38,"column":25},"end":{"line":38,"column":26}},"loc":{"start":{"line":38,"column":35},"end":{"line":38,"column":64}},"line":38}},"branchMap":{"0":{"loc":{"start":{"line":18,"column":4},"end":{"line":22,"column":5}},"type":"if","locations":[{"start":{"line":18,"column":4},"end":{"line":22,"column":5}},{"start":{"line":20,"column":11},"end":{"line":22,"column":5}}],"line":18},"1":{"loc":{"start":{"line":18,"column":8},"end":{"line":18,"column":58}},"type":"binary-expr","locations":[{"start":{"line":18,"column":8},"end":{"line":18,"column":33}},{"start":{"line":18,"column":37},"end":{"line":18,"column":58}}],"line":18},"2":{"loc":{"start":{"line":20,"column":11},"end":{"line":22,"column":5}},"type":"if","locations":[{"start":{"line":20,"column":11},"end":{"line":22,"column":5}},{"start":{},"end":{}}],"line":20},"3":{"loc":{"start":{"line":35,"column":4},"end":{"line":35,"column":31}},"type":"if","locations":[{"start":{"line":35,"column":4},"end":{"line":35,"column":31}},{"start":{},"end":{}}],"line":35}},"s":{"0":2,"1":2,"2":14,"3":14,"4":0,"5":14,"6":0,"7":14,"8":2,"9":7,"10":7,"11":7,"12":7,"13":0,"14":7,"15":64,"16":2},"f":{"0":14,"1":7,"2":64},"b":{"0":[0,14],"1":[14,0],"2":[0,14],"3":[0,7]},"_coverageSchema":"1a1c01bbd47fc00a2c39e90264f33305004495a9","hash":"719f19255300820665ab5614d0c4371afb5dc8e2"}
,"C:\\Users\\Yadak Linus\\Desktop\\dataapp\\services\\pinProvider.js": {"path":"C:\\Users\\Yadak Linus\\Desktop\\dataapp\\services\\pinProvider.js","statementMap":{"0":{"start":{"line":1,"column":14},"end":{"line":1,"column":30}},"1":{"start":{"line":8,"column":16},"end":{"line":8,"column":45}},"2":{"start":{"line":9,"column":16},"end":{"line":9,"column":45}},"3":{"start":{"line":10,"column":17},"end":{"line":10,"column":51}},"4":{"start":{"line":15,"column":22},"end":{"line":20,"column":1}},"5":{"start":{"line":35,"column":16},"end":{"line":73,"column":1}},"6":{"start":{"line":36,"column":4},"end":{"line":72,"column":5}},"7":{"start":{"line":37,"column":28},"end":{"line":37,"column":64}},"8":{"start":{"line":38,"column":8},"end":{"line":38,"column":71}},"9":{"start":{"line":38,"column":26},"end":{"line":38,"column":71}},"10":{"start":{"line":40,"column":8},"end":{"line":42,"column":9}},"11":{"start":{"line":41,"column":12},"end":{"line":41,"column":74}},"12":{"start":{"line":44,"column":25},"end":{"line":54,"column":10}},"13":{"start":{"line":57,"column":8},"end":{"line":63,"column":9}},"14":{"start":{"line":58,"column":12},"end":{"line":62,"column":14}},"15":{"start":{"line":66,"column":25},"end":{"line":66,"column":127}},"16":{"start":{"line":67,"column":8},"end":{"line":67,"column":34}},"17":{"start":{"line":70,"column":8},"end":{"line":70,"column":86}},"18":{"start":{"line":71,"column":8},"end":{"line":71,"column":20}},"19":{"start":{"line":78,"column":25},"end":{"line":91,"column":1}},"20":{"start":{"line":79,"column":4},"end":{"line":90,"column":5}},"21":{"start":{"line":80,"column":25},"end":{"line":86,"column":10}},"22":{"start":{"line":87,"column":8},"end":{"line":87,"column":29}},"23":{"start":{"line":89,"column":8},"end":{"line":89,"column":40}},"24":{"start":{"line":93,"column":0},"end":{"line":96,"column":2}}},"fnMap":{"0":{"name":"(anonymous_0)","decl":{"start":{"line":35,"column":16},"end":{"line":35,"column":17}},"loc":{"start":{"line":35,"column":63},"end":{"line":73,"column":1}},"line":35},"1":{"name":"(anonymous_1)","decl":{"start":{"line":78,"column":25},"end":{"line":78,"column":26}},"loc":{"start":{"line":78,"column":46},"end":{"line":91,"column":1}},"line":78}},"branchMap":{"0":{"loc":{"start":{"line":38,"column":8},"end":{"line":38,"column":71}},"type":"if","locations":[{"start":{"line":38,"column":8},"end":{"line":38,"column":71}},{"start":{},"end":{}}],"line":38},"1":{"loc":{"start":{"line":40,"column":8},"end":{"line":42,"column":9}},"type":"if","locations":[{"start":{"line":40,"column":8},"end":{"line":42,"column":9}},{"start":{},"end":{}}],"line":40},"2":{"loc":{"start":{"line":57,"column":8},"end":{"line":63,"column":9}},"type":"if","locations":[{"start":{"line":57,"column":8},"end":{"line":63,"column":9}},{"start":{},"end":{}}],"line":57},"3":{"loc":{"start":{"line":57,"column":12},"end":{"line":57,"column":51}},"type":"binary-expr","locations":[{"start":{"line":57,"column":12},"end":{"line":57,"column":25}},{"start":{"line":57,"column":29},"end":{"line":57,"column":51}}],"line":57},"4":{"loc":{"start":{"line":66,"column":25},"end":{"line":66,"column":127}},"type":"cond-expr","locations":[{"start":{"line":66,"column":61},"end":{"line":66,"column":74}},{"start":{"line":66,"column":78},"end":{"line":66,"column":126}}],"line":66},"5":{"loc":{"start":{"line":66,"column":78},"end":{"line":66,"column":126}},"type":"binary-expr","locations":[{"start":{"line":66,"column":78},"end":{"line":66,"column":98}},{"start":{"line":66,"column":102},"end":{"line":66,"column":126}}],"line":66},"6":{"loc":{"start":{"line":70,"column":47},"end":{"line":70,"column":84}},"type":"binary-expr","locations":[{"start":{"line":70,"column":47},"end":{"line":70,"column":67}},{"start":{"line":70,"column":71},"end":{"line":70,"column":84}}],"line":70}},"s":{"0":1,"1":1,"2":1,"3":1,"4":1,"5":1,"6":0,"7":0,"8":0,"9":0,"10":0,"11":0,"12":0,"13":0,"14":0,"15":0,"16":0,"17":0,"18":0,"19":1,"20":0,"21":0,"22":0,"23":0,"24":1},"f":{"0":0,"1":0},"b":{"0":[0,0],"1":[0,0],"2":[0,0],"3":[0,0],"4":[0,0],"5":[0,0],"6":[0,0]},"_coverageSchema":"1a1c01bbd47fc00a2c39e90264f33305004495a9","hash":"e36e562e19be7dbe1333e27f02b806cc7a8f7bf6"}
}
