TN:
SF:api\v1\transactions\airtimeController.js
FN:22,(anonymous_0)
FN:100,(anonymous_1)
FN:223,(anonymous_2)
FN:235,(anonymous_3)
FNF:4
FNH:2
FNDA:3,(anonymous_0)
FNDA:1,(anonymous_1)
FNDA:0,(anonymous_2)
FNDA:0,(anonymous_3)
DA:1,1
DA:2,1
DA:3,1
DA:4,1
DA:5,1
DA:6,1
DA:7,1
DA:8,1
DA:15,1
DA:22,1
DA:23,3
DA:24,3
DA:25,3
DA:26,3
DA:27,0
DA:30,3
DA:32,3
DA:33,3
DA:35,3
DA:36,0
DA:40,3
DA:48,3
DA:50,3
DA:51,3
DA:52,1
DA:55,2
DA:56,2
DA:59,2
DA:61,2
DA:63,0
DA:70,0
DA:71,0
DA:78,2
DA:79,2
DA:91,2
DA:92,1
DA:100,1
DA:102,1
DA:103,1
DA:104,1
DA:106,1
DA:107,1
DA:109,1
DA:120,1
DA:121,0
DA:124,1
DA:125,1
DA:142,1
DA:146,1
DA:147,1
DA:154,1
DA:156,1
DA:165,1
DA:166,0
DA:173,1
DA:181,0
DA:182,0
DA:183,0
DA:191,0
DA:205,0
DA:212,0
DA:213,0
DA:223,1
DA:224,0
DA:225,0
DA:226,0
DA:231,0
DA:233,0
DA:234,0
DA:235,0
DA:238,0
DA:239,0
DA:245,0
DA:246,0
DA:259,0
DA:262,0
DA:266,0
DA:271,0
DA:275,1
LF:79
LH:50
BRDA:26,0,0,0
BRDA:26,0,1,3
BRDA:35,1,0,0
BRDA:35,1,1,3
BRDA:35,2,0,3
BRDA:35,2,1,3
BRDA:35,2,2,3
BRDA:51,3,0,1
BRDA:51,3,1,2
BRDA:61,4,0,0
BRDA:61,4,1,2
BRDA:70,5,0,0
BRDA:70,5,1,0
BRDA:91,6,0,1
BRDA:91,6,1,1
BRDA:91,7,0,2
BRDA:91,7,1,1
BRDA:91,7,2,1
BRDA:103,8,0,0
BRDA:103,8,1,1
BRDA:104,9,0,0
BRDA:104,9,1,1
BRDA:107,10,0,0
BRDA:107,10,1,1
BRDA:120,11,0,0
BRDA:120,11,1,1
BRDA:137,12,0,1
BRDA:137,12,1,0
BRDA:154,13,0,0
BRDA:154,13,1,1
BRDA:160,14,0,1
BRDA:160,14,1,1
BRDA:161,15,0,1
BRDA:161,15,1,0
BRDA:165,16,0,0
BRDA:165,16,1,1
BRDA:181,17,0,0
BRDA:181,17,1,0
BRDA:207,18,0,0
BRDA:207,18,1,0
BRDA:213,19,0,0
BRDA:213,19,1,0
BRDA:215,20,0,0
BRDA:215,20,1,0
BRDA:231,21,0,0
BRDA:231,21,1,0
BRDA:231,22,0,0
BRDA:231,22,1,0
BRDA:233,23,0,0
BRDA:233,23,1,0
BRDA:233,24,0,0
BRDA:233,24,1,0
BRDA:238,25,0,0
BRDA:238,25,1,0
BRDA:238,26,0,0
BRDA:238,26,1,0
BRDA:245,27,0,0
BRDA:245,27,1,0
BRDA:245,28,0,0
BRDA:245,28,1,0
BRF:60
BRH:23
end_of_record
TN:
SF:api\v1\transactions\cableController.js
FN:13,(anonymous_0)
FN:29,(anonymous_1)
FN:31,(anonymous_2)
FN:34,(anonymous_3)
FN:53,(anonymous_4)
FN:78,(anonymous_5)
FN:99,(anonymous_6)
FN:151,(anonymous_7)
FNF:8
FNH:3
FNDA:0,(anonymous_0)
FNDA:0,(anonymous_1)
FNDA:0,(anonymous_2)
FNDA:0,(anonymous_3)
FNDA:0,(anonymous_4)
FNDA:3,(anonymous_5)
FNDA:3,(anonymous_6)
FNDA:1,(anonymous_7)
DA:1,1
DA:2,1
DA:3,1
DA:4,1
DA:6,1
DA:7,1
DA:8,1
DA:11,1
DA:13,0
DA:18,1
DA:29,1
DA:30,0
DA:31,0
DA:34,1
DA:35,0
DA:36,0
DA:38,0
DA:39,0
DA:42,0
DA:43,0
DA:53,1
DA:55,0
DA:57,0
DA:58,0
DA:64,0
DA:66,0
DA:67,0
DA:69,0
DA:71,0
DA:78,1
DA:80,3
DA:82,3
DA:84,3
DA:85,0
DA:91,3
DA:92,3
DA:93,3
DA:95,3
DA:96,3
DA:98,3
DA:99,3
DA:101,3
DA:102,1
DA:106,2
DA:107,2
DA:110,2
DA:112,2
DA:114,1
DA:121,1
DA:122,1
DA:129,1
DA:130,1
DA:142,1
DA:143,0
DA:151,1
DA:153,1
DA:154,1
DA:155,1
DA:157,1
DA:158,1
DA:160,1
DA:171,1
DA:172,0
DA:175,1
DA:176,1
DA:195,1
DA:199,1
DA:200,1
DA:209,1
DA:211,1
DA:220,1
DA:221,0
DA:228,1
DA:236,0
DA:237,0
DA:238,0
DA:246,0
DA:260,0
DA:267,0
DA:268,0
DA:276,1
LF:81
LH:53
BRDA:30,0,0,0
BRDA:30,0,1,0
BRDA:30,1,0,0
BRDA:30,1,1,0
BRDA:57,2,0,0
BRDA:57,2,1,0
BRDA:84,3,0,0
BRDA:84,3,1,3
BRDA:101,4,0,1
BRDA:101,4,1,2
BRDA:106,5,0,0
BRDA:106,5,1,2
BRDA:112,6,0,1
BRDA:112,6,1,1
BRDA:121,7,0,1
BRDA:121,7,1,0
BRDA:142,8,0,0
BRDA:142,8,1,1
BRDA:142,9,0,1
BRDA:142,9,1,0
BRDA:142,9,2,0
BRDA:142,9,3,0
BRDA:154,10,0,0
BRDA:154,10,1,1
BRDA:155,11,0,0
BRDA:155,11,1,1
BRDA:158,12,0,0
BRDA:158,12,1,1
BRDA:171,13,0,0
BRDA:171,13,1,1
BRDA:190,14,0,1
BRDA:190,14,1,0
BRDA:209,15,0,0
BRDA:209,15,1,1
BRDA:220,16,0,0
BRDA:220,16,1,1
BRDA:236,17,0,0
BRDA:236,17,1,0
BRDA:262,18,0,0
BRDA:262,18,1,0
BRDA:268,19,0,0
BRDA:268,19,1,0
BRDA:270,20,0,0
BRDA:270,20,1,0
BRF:44
BRH:16
end_of_record
TN:
SF:api\v1\transactions\dataController.js
FN:20,(anonymous_0)
FN:33,(anonymous_1)
FN:67,(anonymous_2)
FN:115,(anonymous_3)
FN:232,(anonymous_4)
FN:244,(anonymous_5)
FNF:6
FNH:3
FNDA:0,(anonymous_0)
FNDA:4,(anonymous_1)
FNDA:4,(anonymous_2)
FNDA:2,(anonymous_3)
FNDA:0,(anonymous_4)
FNDA:0,(anonymous_5)
DA:1,1
DA:2,1
DA:3,1
DA:4,1
DA:5,1
DA:6,1
DA:7,1
DA:8,1
DA:10,1
DA:20,1
DA:21,0
DA:22,0
DA:23,0
DA:25,0
DA:33,1
DA:35,4
DA:36,4
DA:37,0
DA:41,4
DA:43,4
DA:44,4
DA:46,4
DA:47,0
DA:51,4
DA:59,4
DA:61,4
DA:62,4
DA:63,4
DA:64,4
DA:66,4
DA:67,4
DA:68,4
DA:69,0
DA:71,4
DA:72,4
DA:75,4
DA:77,4
DA:79,1
DA:86,1
DA:87,1
DA:94,3
DA:95,3
DA:107,3
DA:108,1
DA:115,2
DA:117,2
DA:118,2
DA:119,2
DA:121,2
DA:122,2
DA:124,2
DA:135,2
DA:136,1
DA:139,1
DA:141,1
DA:158,1
DA:161,1
DA:162,1
DA:169,1
DA:171,1
DA:180,1
DA:181,0
DA:188,1
DA:195,0
DA:196,0
DA:197,0
DA:204,0
DA:218,0
DA:225,1
DA:232,1
DA:233,0
DA:234,0
DA:235,0
DA:240,0
DA:242,0
DA:243,0
DA:244,0
DA:247,0
DA:248,0
DA:254,0
DA:255,0
DA:268,0
DA:271,0
DA:275,0
DA:277,0
DA:281,1
LF:86
LH:58
BRDA:36,0,0,0
BRDA:36,0,1,4
BRDA:46,1,0,0
BRDA:46,1,1,4
BRDA:46,2,0,4
BRDA:46,2,1,4
BRDA:46,2,2,4
BRDA:68,3,0,0
BRDA:68,3,1,4
BRDA:77,4,0,1
BRDA:77,4,1,3
BRDA:86,5,0,1
BRDA:86,5,1,0
BRDA:107,6,0,1
BRDA:107,6,1,2
BRDA:107,7,0,3
BRDA:107,7,1,1
BRDA:107,7,2,1
BRDA:107,7,3,1
BRDA:118,8,0,0
BRDA:118,8,1,2
BRDA:119,9,0,0
BRDA:119,9,1,2
BRDA:122,10,0,0
BRDA:122,10,1,2
BRDA:135,11,0,1
BRDA:135,11,1,1
BRDA:153,12,0,1
BRDA:153,12,1,0
BRDA:169,13,0,0
BRDA:169,13,1,1
BRDA:175,14,0,1
BRDA:175,14,1,1
BRDA:176,15,0,1
BRDA:176,15,1,0
BRDA:180,16,0,0
BRDA:180,16,1,1
BRDA:195,17,0,0
BRDA:195,17,1,0
BRDA:220,18,0,0
BRDA:220,18,1,0
BRDA:225,19,0,1
BRDA:225,19,1,0
BRDA:227,20,0,1
BRDA:227,20,1,0
BRDA:240,21,0,0
BRDA:240,21,1,0
BRDA:240,22,0,0
BRDA:240,22,1,0
BRDA:242,23,0,0
BRDA:242,23,1,0
BRDA:242,24,0,0
BRDA:242,24,1,0
BRDA:247,25,0,0
BRDA:247,25,1,0
BRDA:247,26,0,0
BRDA:247,26,1,0
BRDA:254,27,0,0
BRDA:254,27,1,0
BRDA:254,28,0,0
BRDA:254,28,1,0
BRF:61
BRH:28
end_of_record
TN:
SF:api\v1\transactions\electricityController.js
FN:14,(anonymous_0)
FN:29,(anonymous_1)
FN:31,(anonymous_2)
FN:34,(anonymous_3)
FN:50,(anonymous_4)
FN:78,(anonymous_5)
FN:148,(anonymous_6)
FNF:7
FNH:2
FNDA:0,(anonymous_0)
FNDA:0,(anonymous_1)
FNDA:0,(anonymous_2)
FNDA:0,(anonymous_3)
FNDA:0,(anonymous_4)
FNDA:3,(anonymous_5)
FNDA:1,(anonymous_6)
DA:1,1
DA:2,1
DA:3,1
DA:4,1
DA:5,1
DA:6,1
DA:7,1
DA:11,1
DA:14,0
DA:17,1
DA:29,1
DA:30,0
DA:31,0
DA:34,1
DA:35,0
DA:36,0
DA:37,0
DA:42,0
DA:43,0
DA:50,1
DA:52,0
DA:56,0
DA:57,0
DA:63,0
DA:65,0
DA:66,0
DA:67,0
DA:69,0
DA:71,0
DA:78,1
DA:80,3
DA:82,3
DA:83,0
DA:89,3
DA:90,3
DA:91,3
DA:94,3
DA:96,3
DA:97,3
DA:99,3
DA:100,1
DA:107,2
DA:109,2
DA:111,1
DA:118,1
DA:119,1
DA:126,1
DA:127,1
DA:139,1
DA:140,0
DA:148,1
DA:150,1
DA:151,1
DA:152,1
DA:154,1
DA:155,1
DA:157,1
DA:168,1
DA:169,0
DA:172,1
DA:173,1
DA:194,1
DA:198,1
DA:199,1
DA:200,1
DA:209,1
DA:211,1
DA:213,1
DA:228,1
DA:229,0
DA:236,1
DA:246,0
DA:247,0
DA:248,0
DA:256,0
DA:270,0
DA:277,0
DA:278,0
DA:285,1
LF:79
LH:51
BRDA:30,0,0,0
BRDA:30,0,1,0
BRDA:30,1,0,0
BRDA:30,1,1,0
BRDA:56,2,0,0
BRDA:56,2,1,0
BRDA:66,3,0,0
BRDA:66,3,1,0
BRDA:82,4,0,0
BRDA:82,4,1,3
BRDA:96,5,0,3
BRDA:96,5,1,0
BRDA:99,6,0,1
BRDA:99,6,1,2
BRDA:109,7,0,1
BRDA:109,7,1,1
BRDA:118,8,0,1
BRDA:118,8,1,0
BRDA:139,9,0,0
BRDA:139,9,1,1
BRDA:139,10,0,1
BRDA:139,10,1,0
BRDA:139,10,2,0
BRDA:151,11,0,0
BRDA:151,11,1,1
BRDA:152,12,0,0
BRDA:152,12,1,1
BRDA:155,13,0,0
BRDA:155,13,1,1
BRDA:168,14,0,0
BRDA:168,14,1,1
BRDA:189,15,0,1
BRDA:189,15,1,0
BRDA:199,16,0,1
BRDA:199,16,1,0
BRDA:211,17,0,0
BRDA:211,17,1,1
BRDA:218,18,0,1
BRDA:218,18,1,0
BRDA:222,19,0,1
BRDA:222,19,1,0
BRDA:223,20,0,1
BRDA:223,20,1,0
BRDA:228,21,0,0
BRDA:228,21,1,1
BRDA:239,22,0,1
BRDA:239,22,1,0
BRDA:246,23,0,0
BRDA:246,23,1,0
BRDA:272,24,0,0
BRDA:272,24,1,0
BRDA:278,25,0,0
BRDA:278,25,1,0
BRDA:280,26,0,0
BRDA:280,26,1,0
BRF:55
BRH:21
end_of_record
TN:
SF:api\v1\transactions\pinController.js
FN:18,(anonymous_0)
FN:87,(anonymous_1)
FN:128,(anonymous_2)
FN:184,(anonymous_3)
FN:211,(anonymous_4)
FNF:5
FNH:3
FNDA:3,(anonymous_0)
FNDA:2,(anonymous_1)
FNDA:5,(anonymous_2)
FNDA:0,(anonymous_3)
FNDA:0,(anonymous_4)
DA:1,1
DA:2,1
DA:3,1
DA:4,1
DA:5,1
DA:6,1
DA:13,1
DA:18,1
DA:19,3
DA:20,3
DA:21,1
DA:24,2
DA:25,2
DA:27,2
DA:28,0
DA:31,2
DA:32,2
DA:33,2
DA:35,2
DA:36,0
DA:38,2
DA:39,0
DA:43,2
DA:44,2
DA:47,2
DA:49,2
DA:51,0
DA:58,0
DA:59,0
DA:66,2
DA:67,2
DA:79,2
DA:80,0
DA:87,2
DA:88,2
DA:90,2
DA:91,1
DA:94,1
DA:95,1
DA:112,1
DA:120,1
DA:123,1
DA:124,1
DA:126,1
DA:128,5
DA:139,1
DA:141,1
DA:146,1
DA:150,0
DA:151,0
DA:152,0
DA:159,0
DA:173,0
DA:177,1
DA:184,1
DA:185,0
DA:186,0
DA:188,0
DA:189,0
DA:194,0
DA:195,0
DA:198,0
DA:206,0
DA:211,1
DA:212,0
DA:213,0
DA:214,0
DA:215,0
DA:216,0
DA:218,0
DA:236,0
DA:247,0
DA:248,0
DA:254,1
LF:74
LH:45
BRDA:20,0,0,1
BRDA:20,0,1,2
BRDA:27,1,0,0
BRDA:27,1,1,2
BRDA:27,2,0,2
BRDA:27,2,1,2
BRDA:27,2,2,2
BRDA:35,3,0,0
BRDA:35,3,1,2
BRDA:35,4,0,2
BRDA:35,4,1,2
BRDA:35,4,2,2
BRDA:38,5,0,0
BRDA:38,5,1,2
BRDA:49,6,0,0
BRDA:49,6,1,2
BRDA:58,7,0,0
BRDA:58,7,1,0
BRDA:79,8,0,0
BRDA:79,8,1,2
BRDA:79,9,0,2
BRDA:79,9,1,0
BRDA:79,9,2,0
BRDA:79,9,3,0
BRDA:90,10,0,1
BRDA:90,10,1,1
BRDA:90,11,0,2
BRDA:90,11,1,2
BRDA:106,12,0,1
BRDA:106,12,1,0
BRDA:130,13,0,0
BRDA:130,13,1,5
BRDA:150,14,0,0
BRDA:150,14,1,0
BRDA:177,15,0,1
BRDA:177,15,1,0
BRDA:179,16,0,1
BRDA:179,16,1,0
BRDA:194,17,0,0
BRDA:194,17,1,0
BRDA:194,18,0,0
BRDA:194,18,1,0
BRDA:214,19,0,0
BRDA:214,19,1,0
BRDA:215,20,0,0
BRDA:215,20,1,0
BRF:46
BRH:22
end_of_record
TN:
SF:lib\crypto.js
FN:25,encrypt
FN:43,decrypt
FN:67,(anonymous_2)
FN:76,(anonymous_3)
FNF:4
FNH:1
FNDA:0,encrypt
FNDA:0,decrypt
FNDA:0,(anonymous_2)
FNDA:5,(anonymous_3)
DA:1,5
DA:4,5
DA:5,5
DA:6,5
DA:7,5
DA:9,5
DA:10,0
DA:11,0
DA:14,5
DA:15,0
DA:16,0
DA:26,0
DA:28,0
DA:29,0
DA:31,0
DA:32,0
DA:34,0
DA:37,0
DA:44,0
DA:46,0
DA:47,0
DA:49,0
DA:50,0
DA:51,0
DA:53,0
DA:55,0
DA:56,0
DA:58,0
DA:60,0
DA:61,0
DA:67,5
DA:68,0
DA:69,0
DA:76,5
DA:77,5
DA:78,5
DA:88,5
DA:89,5
DA:90,45
DA:93,5
DA:95,5
DA:96,5
DA:98,5
DA:101,5
LF:44
LH:19
BRDA:9,0,0,0
BRDA:9,0,1,5
BRDA:14,1,0,0
BRDA:14,1,1,5
BRDA:26,2,0,0
BRDA:26,2,1,0
BRDA:44,3,0,0
BRDA:44,3,1,0
BRDA:76,4,0,0
BRDA:93,5,0,0
BRDA:93,5,1,5
BRF:11
BRH:3
end_of_record
TN:
SF:lib\financialSafety.js
FN:10,(anonymous_0)
FNF:1
FNH:0
FNDA:0,(anonymous_0)
DA:10,5
DA:12,0
DA:14,0
DA:15,0
DA:19,0
DA:20,0
DA:21,0
DA:24,0
DA:27,5
LF:9
LH:2
BRDA:14,0,0,0
BRDA:14,0,1,0
BRDA:14,1,0,0
BRDA:14,1,1,0
BRDA:19,2,0,0
BRDA:19,2,1,0
BRDA:20,3,0,0
BRDA:20,3,1,0
BRDA:20,4,0,0
BRDA:20,4,1,0
BRDA:20,4,2,0
BRF:11
BRH:0
end_of_record
TN:
SF:lib\networkValidator.js
FN:16,(anonymous_0)
FN:30,(anonymous_1)
FN:38,(anonymous_2)
FNF:3
FNH:3
FNDA:14,(anonymous_0)
FNDA:7,(anonymous_1)
FNDA:64,(anonymous_2)
DA:6,2
DA:16,2
DA:17,14
DA:18,14
DA:19,0
DA:20,14
DA:21,0
DA:23,14
DA:30,2
DA:31,7
DA:32,7
DA:33,7
DA:35,7
DA:38,64
DA:41,2
LF:15
LH:13
BRDA:18,0,0,0
BRDA:18,0,1,14
BRDA:18,1,0,14
BRDA:18,1,1,0
BRDA:20,2,0,0
BRDA:20,2,1,14
BRDA:35,3,0,0
BRDA:35,3,1,7
BRF:8
BRH:4
end_of_record
TN:
SF:services\pinProvider.js
FN:35,(anonymous_0)
FN:78,(anonymous_1)
FNF:2
FNH:0
FNDA:0,(anonymous_0)
FNDA:0,(anonymous_1)
DA:1,1
DA:8,1
DA:9,1
DA:10,1
DA:15,1
DA:35,1
DA:36,0
DA:37,0
DA:38,0
DA:40,0
DA:41,0
DA:44,0
DA:57,0
DA:58,0
DA:66,0
DA:67,0
DA:70,0
DA:71,0
DA:78,1
DA:79,0
DA:80,0
DA:87,0
DA:89,0
DA:93,1
LF:24
LH:8
BRDA:38,0,0,0
BRDA:38,0,1,0
BRDA:40,1,0,0
BRDA:40,1,1,0
BRDA:57,2,0,0
BRDA:57,2,1,0
BRDA:57,3,0,0
BRDA:57,3,1,0
BRDA:66,4,0,0
BRDA:66,4,1,0
BRDA:66,5,0,0
BRDA:66,5,1,0
BRDA:70,6,0,0
BRDA:70,6,1,0
BRF:14
BRH:0
end_of_record
